2022-04-05 12:46:46,298 - mmdet - INFO - Environment info:
------------------------------------------------------------
sys.platform: linux
Python: 3.7.11 (default, Jul 27 2021, 14:32:16) [GCC 7.5.0]
CUDA available: True
GPU 0: Tesla V100-PCIE-32GB
CUDA_HOME: None
GCC: gcc (Ubuntu 7.5.0-3ubuntu1~18.04) 7.5.0
PyTorch: 1.7.1
PyTorch compiling details: PyTorch built with:
  - GCC 7.3
  - C++ Version: 201402
  - Intel(R) oneAPI Math Kernel Library Version 2021.4-Product Build 20210904 for Intel(R) 64 architecture applications
  - Intel(R) MKL-DNN v1.6.0 (Git Hash 5ef631a030a6f73131c77892041042805a06064f)
  - OpenMP 201511 (a.k.a. OpenMP 4.5)
  - NNPACK is enabled
  - CPU capability usage: AVX2
  - CUDA Runtime 11.0
  - NVCC architecture flags: -gencode;arch=compute_37,code=sm_37;-gencode;arch=compute_50,code=sm_50;-gencode;arch=compute_60,code=sm_60;-gencode;arch=compute_61,code=sm_61;-gencode;arch=compute_70,code=sm_70;-gencode;arch=compute_75,code=sm_75;-gencode;arch=compute_80,code=sm_80;-gencode;arch=compute_37,code=compute_37
  - CuDNN 8.0.5
  - Magma 2.5.2
  - Build settings: BLAS=MKL, BUILD_TYPE=Release, CXX_FLAGS= -Wno-deprecated -fvisibility-inlines-hidden -DUSE_PTHREADPOOL -fopenmp -DNDEBUG -DUSE_FBGEMM -DUSE_QNNPACK -DUSE_PYTORCH_QNNPACK -DUSE_XNNPACK -DUSE_VULKAN_WRAPPER -O2 -fPIC -Wno-narrowing -Wall -Wextra -Werror=return-type -Wno-missing-field-initializers -Wno-type-limits -Wno-array-bounds -Wno-unknown-pragmas -Wno-sign-compare -Wno-unused-parameter -Wno-unused-variable -Wno-unused-function -Wno-unused-result -Wno-unused-local-typedefs -Wno-strict-overflow -Wno-strict-aliasing -Wno-error=deprecated-declarations -Wno-stringop-overflow -Wno-psabi -Wno-error=pedantic -Wno-error=redundant-decls -Wno-error=old-style-cast -fdiagnostics-color=always -faligned-new -Wno-unused-but-set-variable -Wno-maybe-uninitialized -fno-math-errno -fno-trapping-math -Werror=format -Wno-stringop-overflow, PERF_WITH_AVX=1, PERF_WITH_AVX2=1, PERF_WITH_AVX512=1, USE_CUDA=ON, USE_EXCEPTION_PTR=1, USE_GFLAGS=OFF, USE_GLOG=OFF, USE_MKL=ON, USE_MKLDNN=ON, USE_MPI=OFF, USE_NCCL=ON, USE_NNPACK=ON, USE_OPENMP=ON, 

TorchVision: 0.8.2
OpenCV: 4.5.5
MMCV: 1.4.8
MMCV Compiler: GCC 7.3
MMCV CUDA Compiler: 11.0
MMDetection: 2.22.0+6ddbff8
------------------------------------------------------------

2022-04-05 12:46:49,522 - mmdet - INFO - Distributed training: False
2022-04-05 12:46:52,730 - mmdet - INFO - Config:
dataset_type = 'CocoDataset'
data_root = '/opt/ml/detection/dataset/'
classes = [
    'General trash', 'Paper', 'Paper pack', 'Metal', 'Glass', 'Plastic',
    'Styrofoam', 'Plastic bag', 'Battery', 'Clothing'
]
img_norm_cfg = dict(
    mean=[127.49413776397705, 127.43779182434082, 127.46098327636719],
    std=[73.86627551077616, 73.88234865304638, 73.8944344154546],
    to_rgb=True)
train_pipeline = [
    dict(type='LoadImageFromFile'),
    dict(type='LoadAnnotations', with_bbox=True, with_mask=False),
    dict(type='RandomFlip', flip_ratio=0.5),
    dict(
        type='AutoAugment',
        policies=[[{
            'type':
            'Resize',
            'img_scale': [(512, 768), (640, 768), (768, 768), (768, 512),
                          (768, 640)],
            'multiscale_mode':
            'value',
            'keep_ratio':
            True
        }],
                  [{
                      'type': 'Resize',
                      'img_scale': [(512, 1024), (640, 1024), (768, 1024)],
                      'multiscale_mode': 'value',
                      'keep_ratio': True
                  }, {
                      'type': 'RandomCrop',
                      'crop_type': 'absolute_range',
                      'crop_size': (256, 256),
                      'allow_negative_crop': True
                  }, {
                      'type':
                      'Resize',
                      'img_scale': [(512, 768), (640, 768), (768, 768),
                                    (768, 512), (768, 640)],
                      'multiscale_mode':
                      'value',
                      'override':
                      True,
                      'keep_ratio':
                      True
                  }]]),
    dict(
        type='Normalize',
        mean=[127.49413776397705, 127.43779182434082, 127.46098327636719],
        std=[73.86627551077616, 73.88234865304638, 73.8944344154546],
        to_rgb=True),
    dict(type='Pad', size_divisor=32),
    dict(type='DefaultFormatBundle'),
    dict(type='Collect', keys=['img', 'gt_bboxes', 'gt_labels'])
]
test_pipeline = [
    dict(type='LoadImageFromFile'),
    dict(
        type='MultiScaleFlipAug',
        img_scale=(1024, 1024),
        flip=False,
        transforms=[
            dict(type='Resize', keep_ratio=True),
            dict(type='RandomFlip'),
            dict(
                type='Normalize',
                mean=[
                    127.49413776397705, 127.43779182434082, 127.46098327636719
                ],
                std=[73.86627551077616, 73.88234865304638, 73.8944344154546],
                to_rgb=True),
            dict(type='Pad', size_divisor=32),
            dict(type='ImageToTensor', keys=['img']),
            dict(type='Collect', keys=['img'])
        ])
]
data = dict(
    samples_per_gpu=4,
    workers_per_gpu=4,
    train=dict(
        type='CocoDataset',
        ann_file='/opt/ml/detection/dataset/cv_train_1.json',
        img_prefix='/opt/ml/detection/dataset/',
        pipeline=[
            dict(type='LoadImageFromFile'),
            dict(type='LoadAnnotations', with_bbox=True, with_mask=False),
            dict(type='RandomFlip', flip_ratio=0.5),
            dict(
                type='AutoAugment',
                policies=[[{
                    'type':
                    'Resize',
                    'img_scale': [(512, 768), (640, 768), (768, 768),
                                  (768, 512), (768, 640)],
                    'multiscale_mode':
                    'value',
                    'keep_ratio':
                    True
                }],
                          [{
                              'type': 'Resize',
                              'img_scale': [(512, 1024), (640, 1024),
                                            (768, 1024)],
                              'multiscale_mode': 'value',
                              'keep_ratio': True
                          }, {
                              'type': 'RandomCrop',
                              'crop_type': 'absolute_range',
                              'crop_size': (256, 256),
                              'allow_negative_crop': True
                          }, {
                              'type':
                              'Resize',
                              'img_scale': [(512, 768), (640, 768), (768, 768),
                                            (768, 512), (768, 640)],
                              'multiscale_mode':
                              'value',
                              'override':
                              True,
                              'keep_ratio':
                              True
                          }]]),
            dict(
                type='Normalize',
                mean=[
                    127.49413776397705, 127.43779182434082, 127.46098327636719
                ],
                std=[73.86627551077616, 73.88234865304638, 73.8944344154546],
                to_rgb=True),
            dict(type='Pad', size_divisor=32),
            dict(type='DefaultFormatBundle'),
            dict(type='Collect', keys=['img', 'gt_bboxes', 'gt_labels'])
        ],
        classes=('General trash', 'Paper', 'Paper pack', 'Metal', 'Glass',
                 'Plastic', 'Styrofoam', 'Plastic bag', 'Battery',
                 'Clothing')),
    val=dict(
        type='CocoDataset',
        ann_file='/opt/ml/detection/dataset/cv_val_1.json',
        img_prefix='/opt/ml/detection/dataset/',
        pipeline=[
            dict(type='LoadImageFromFile'),
            dict(
                type='MultiScaleFlipAug',
                img_scale=(1024, 1024),
                flip=False,
                transforms=[
                    dict(type='Resize', keep_ratio=True),
                    dict(type='RandomFlip'),
                    dict(
                        type='Normalize',
                        mean=[
                            127.49413776397705, 127.43779182434082,
                            127.46098327636719
                        ],
                        std=[
                            73.86627551077616, 73.88234865304638,
                            73.8944344154546
                        ],
                        to_rgb=True),
                    dict(type='Pad', size_divisor=32),
                    dict(type='ImageToTensor', keys=['img']),
                    dict(type='Collect', keys=['img'])
                ])
        ],
        classes=('General trash', 'Paper', 'Paper pack', 'Metal', 'Glass',
                 'Plastic', 'Styrofoam', 'Plastic bag', 'Battery',
                 'Clothing')),
    test=dict(
        type='CocoDataset',
        ann_file='/opt/ml/detection/dataset/test.json',
        img_prefix='/opt/ml/detection/dataset/',
        pipeline=[
            dict(type='LoadImageFromFile'),
            dict(
                type='MultiScaleFlipAug',
                img_scale=(1024, 1024),
                flip=False,
                transforms=[
                    dict(type='Resize', keep_ratio=True),
                    dict(type='RandomFlip'),
                    dict(
                        type='Normalize',
                        mean=[
                            127.49413776397705, 127.43779182434082,
                            127.46098327636719
                        ],
                        std=[
                            73.86627551077616, 73.88234865304638,
                            73.8944344154546
                        ],
                        to_rgb=True),
                    dict(type='Pad', size_divisor=32),
                    dict(type='ImageToTensor', keys=['img']),
                    dict(type='Collect', keys=['img'])
                ])
        ],
        classes=('General trash', 'Paper', 'Paper pack', 'Metal', 'Glass',
                 'Plastic', 'Styrofoam', 'Plastic bag', 'Battery',
                 'Clothing')))
evaluation = dict(
    interval=1, metric='bbox', classwise=True, save_best='bbox_mAP_50')
optimizer = dict(
    type='AdamW',
    lr=0.0001,
    betas=(0.9, 0.999),
    weight_decay=0.05,
    paramwise_cfg=dict(
        custom_keys=dict(
            absolute_pos_embed=dict(decay_mult=0.0),
            relative_position_bias_table=dict(decay_mult=0.0),
            norm=dict(decay_mult=0.0))))
optimizer_config = dict(grad_clip=None)
lr_config = dict(
    policy='step',
    warmup='linear',
    warmup_iters=500,
    warmup_ratio=0.001,
    step=[8, 11])
runner = dict(type='EpochBasedRunner', max_epochs=36)
checkpoint_config = dict(interval=1)
log_config = dict(
    interval=100,
    hooks=[
        dict(type='TextLoggerHook', interval=100),
        dict(
            type='WandbLoggerHook',
            interval=100,
            init_kwargs=dict(
                project='objectdetection', name='dynamic_head_ATSS_f5'))
    ])
custom_hooks = [dict(type='NumClassCheckHook')]
dist_params = dict(backend='nccl')
log_level = 'INFO'
load_from = None
resume_from = None
workflow = [('train', 1), ('val', 1)]
opencv_num_threads = 0
mp_start_method = 'fork'
pretrained = 'https://github.com/SwinTransformer/storage/releases/download/v1.0.0/swin_tiny_patch4_window7_224.pth'
model = dict(
    type='ATSS',
    backbone=dict(
        _delete_=True,
        type='SwinTransformer',
        embed_dims=96,
        depths=[2, 2, 6, 2],
        num_heads=[3, 6, 12, 24],
        window_size=7,
        mlp_ratio=4,
        qkv_bias=True,
        qk_scale=None,
        drop_rate=0.0,
        attn_drop_rate=0.0,
        drop_path_rate=0.2,
        patch_norm=True,
        out_indices=(0, 1, 2, 3),
        with_cp=False,
        convert_weights=True,
        init_cfg=dict(
            type='Pretrained',
            checkpoint=
            'https://github.com/SwinTransformer/storage/releases/download/v1.0.0/swin_tiny_patch4_window7_224.pth'
        )),
    neck=[
        dict(
            type='FPN',
            in_channels=[96, 192, 384, 768],
            out_channels=256,
            start_level=1,
            add_extra_convs='on_output',
            num_outs=5),
        dict(
            type='DyHead',
            in_channels=256,
            out_channels=256,
            num_blocks=6,
            zero_init_offset=False)
    ],
    bbox_head=dict(
        type='ATSSHead',
        num_classes=10,
        in_channels=256,
        pred_kernel_size=1,
        stacked_convs=0,
        feat_channels=256,
        anchor_generator=dict(
            type='AnchorGenerator',
            ratios=[1.0],
            octave_base_scale=8,
            scales_per_octave=1,
            strides=[8, 16, 32, 64, 128],
            center_offset=0.5),
        bbox_coder=dict(
            type='DeltaXYWHBBoxCoder',
            target_means=[0.0, 0.0, 0.0, 0.0],
            target_stds=[0.1, 0.1, 0.2, 0.2]),
        loss_cls=dict(
            type='FocalLoss',
            use_sigmoid=True,
            gamma=2.0,
            alpha=0.25,
            loss_weight=1.0),
        loss_bbox=dict(type='GIoULoss', loss_weight=2.0),
        loss_centerness=dict(
            type='CrossEntropyLoss', use_sigmoid=True, loss_weight=1.0)),
    train_cfg=dict(
        assigner=dict(type='ATSSAssigner', topk=9),
        allowed_border=-1,
        pos_weight=-1,
        debug=False),
    test_cfg=dict(
        nms_pre=1000,
        min_bbox_size=0,
        score_thr=0.05,
        nms=dict(type='nms', iou_threshold=0.6),
        max_per_img=100))
work_dir = './work_dirs/dynamic/5'
auto_resume = False
gpu_ids = [0]

2022-04-05 12:46:52,731 - mmdet - INFO - Set random seed to 2022, deterministic: False
