2022-04-05 12:50:47,033 - mmdet - INFO - Environment info:
------------------------------------------------------------
sys.platform: linux
Python: 3.7.11 (default, Jul 27 2021, 14:32:16) [GCC 7.5.0]
CUDA available: True
GPU 0: Tesla V100-PCIE-32GB
CUDA_HOME: None
GCC: gcc (Ubuntu 7.5.0-3ubuntu1~18.04) 7.5.0
PyTorch: 1.7.1
PyTorch compiling details: PyTorch built with:
  - GCC 7.3
  - C++ Version: 201402
  - Intel(R) oneAPI Math Kernel Library Version 2021.4-Product Build 20210904 for Intel(R) 64 architecture applications
  - Intel(R) MKL-DNN v1.6.0 (Git Hash 5ef631a030a6f73131c77892041042805a06064f)
  - OpenMP 201511 (a.k.a. OpenMP 4.5)
  - NNPACK is enabled
  - CPU capability usage: AVX2
  - CUDA Runtime 11.0
  - NVCC architecture flags: -gencode;arch=compute_37,code=sm_37;-gencode;arch=compute_50,code=sm_50;-gencode;arch=compute_60,code=sm_60;-gencode;arch=compute_61,code=sm_61;-gencode;arch=compute_70,code=sm_70;-gencode;arch=compute_75,code=sm_75;-gencode;arch=compute_80,code=sm_80;-gencode;arch=compute_37,code=compute_37
  - CuDNN 8.0.5
  - Magma 2.5.2
  - Build settings: BLAS=MKL, BUILD_TYPE=Release, CXX_FLAGS= -Wno-deprecated -fvisibility-inlines-hidden -DUSE_PTHREADPOOL -fopenmp -DNDEBUG -DUSE_FBGEMM -DUSE_QNNPACK -DUSE_PYTORCH_QNNPACK -DUSE_XNNPACK -DUSE_VULKAN_WRAPPER -O2 -fPIC -Wno-narrowing -Wall -Wextra -Werror=return-type -Wno-missing-field-initializers -Wno-type-limits -Wno-array-bounds -Wno-unknown-pragmas -Wno-sign-compare -Wno-unused-parameter -Wno-unused-variable -Wno-unused-function -Wno-unused-result -Wno-unused-local-typedefs -Wno-strict-overflow -Wno-strict-aliasing -Wno-error=deprecated-declarations -Wno-stringop-overflow -Wno-psabi -Wno-error=pedantic -Wno-error=redundant-decls -Wno-error=old-style-cast -fdiagnostics-color=always -faligned-new -Wno-unused-but-set-variable -Wno-maybe-uninitialized -fno-math-errno -fno-trapping-math -Werror=format -Wno-stringop-overflow, PERF_WITH_AVX=1, PERF_WITH_AVX2=1, PERF_WITH_AVX512=1, USE_CUDA=ON, USE_EXCEPTION_PTR=1, USE_GFLAGS=OFF, USE_GLOG=OFF, USE_MKL=ON, USE_MKLDNN=ON, USE_MPI=OFF, USE_NCCL=ON, USE_NNPACK=ON, USE_OPENMP=ON, 

TorchVision: 0.8.2
OpenCV: 4.5.5
MMCV: 1.4.8
MMCV Compiler: GCC 7.3
MMCV CUDA Compiler: 11.0
MMDetection: 2.22.0+6ddbff8
------------------------------------------------------------

2022-04-05 12:50:51,209 - mmdet - INFO - Distributed training: False
2022-04-05 12:50:55,421 - mmdet - INFO - Config:
dataset_type = 'CocoDataset'
data_root = '/opt/ml/detection/dataset/'
classes = [
    'General trash', 'Paper', 'Paper pack', 'Metal', 'Glass', 'Plastic',
    'Styrofoam', 'Plastic bag', 'Battery', 'Clothing'
]
img_norm_cfg = dict(
    mean=[127.49413776397705, 127.43779182434082, 127.46098327636719],
    std=[73.86627551077616, 73.88234865304638, 73.8944344154546],
    to_rgb=True)
train_pipeline = [
    dict(type='LoadImageFromFile'),
    dict(type='LoadAnnotations', with_bbox=True, with_mask=False),
    dict(type='RandomFlip', flip_ratio=0.5),
    dict(
        type='AutoAugment',
        policies=[[{
            'type':
            'Resize',
            'img_scale': [(614, 1024), (655, 1024), (696, 1024), (737, 1024),
                          (778, 1024), (819, 1024), (860, 1024), (901, 1024),
                          (942, 1024), (983, 1024), (1024, 1024)],
            'multiscale_mode':
            'value',
            'keep_ratio':
            True
        }],
                  [{
                      'type': 'Resize',
                      'img_scale': [(512, 1024), (640, 1024), (768, 1024)],
                      'multiscale_mode': 'value',
                      'keep_ratio': True
                  }, {
                      'type': 'RandomCrop',
                      'crop_type': 'absolute_range',
                      'crop_size': (256, 256),
                      'allow_negative_crop': True
                  }, {
                      'type':
                      'Resize',
                      'img_scale': [(614, 1024), (655, 1024), (696, 1024),
                                    (737, 1024), (778, 1024), (819, 1024),
                                    (860, 1024), (901, 1024), (942, 1024),
                                    (983, 1024), (1024, 1024)],
                      'multiscale_mode':
                      'value',
                      'override':
                      True,
                      'keep_ratio':
                      True
                  }]]),
    dict(
        type='Normalize',
        mean=[127.49413776397705, 127.43779182434082, 127.46098327636719],
        std=[73.86627551077616, 73.88234865304638, 73.8944344154546],
        to_rgb=True),
    dict(type='Pad', size_divisor=32),
    dict(type='DefaultFormatBundle'),
    dict(type='Collect', keys=['img', 'gt_bboxes', 'gt_labels'])
]
test_pipeline = [
    dict(type='LoadImageFromFile'),
    dict(
        type='MultiScaleFlipAug',
        img_scale=(1024, 1024),
        flip=False,
        transforms=[
            dict(type='Resize', keep_ratio=True),
            dict(type='RandomFlip'),
            dict(
                type='Normalize',
                mean=[
                    127.49413776397705, 127.43779182434082, 127.46098327636719
                ],
                std=[73.86627551077616, 73.88234865304638, 73.8944344154546],
                to_rgb=True),
            dict(type='Pad', size_divisor=32),
            dict(type='ImageToTensor', keys=['img']),
            dict(type='Collect', keys=['img'])
        ])
]
data = dict(
    samples_per_gpu=8,
    workers_per_gpu=4,
    train=dict(
        type='CocoDataset',
        ann_file='/opt/ml/detection/dataset/cv_train_1.json',
        img_prefix='/opt/ml/detection/dataset/',
        pipeline=[
            dict(type='LoadImageFromFile'),
            dict(type='LoadAnnotations', with_bbox=True, with_mask=False),
            dict(type='RandomFlip', flip_ratio=0.5),
            dict(
                type='AutoAugment',
                policies=[[{
                    'type':
                    'Resize',
                    'img_scale': [(614, 1024), (655, 1024), (696, 1024),
                                  (737, 1024), (778, 1024), (819, 1024),
                                  (860, 1024), (901, 1024), (942, 1024),
                                  (983, 1024), (1024, 1024)],
                    'multiscale_mode':
                    'value',
                    'keep_ratio':
                    True
                }],
                          [{
                              'type': 'Resize',
                              'img_scale': [(512, 1024), (640, 1024),
                                            (768, 1024)],
                              'multiscale_mode': 'value',
                              'keep_ratio': True
                          }, {
                              'type': 'RandomCrop',
                              'crop_type': 'absolute_range',
                              'crop_size': (256, 256),
                              'allow_negative_crop': True
                          }, {
                              'type':
                              'Resize',
                              'img_scale': [(614, 1024), (655, 1024),
                                            (696, 1024), (737, 1024),
                                            (778, 1024), (819, 1024),
                                            (860, 1024), (901, 1024),
                                            (942, 1024), (983, 1024),
                                            (1024, 1024)],
                              'multiscale_mode':
                              'value',
                              'override':
                              True,
                              'keep_ratio':
                              True
                          }]]),
            dict(
                type='Normalize',
                mean=[
                    127.49413776397705, 127.43779182434082, 127.46098327636719
                ],
                std=[73.86627551077616, 73.88234865304638, 73.8944344154546],
                to_rgb=True),
            dict(type='Pad', size_divisor=32),
            dict(type='DefaultFormatBundle'),
            dict(type='Collect', keys=['img', 'gt_bboxes', 'gt_labels'])
        ],
        classes=('General trash', 'Paper', 'Paper pack', 'Metal', 'Glass',
                 'Plastic', 'Styrofoam', 'Plastic bag', 'Battery',
                 'Clothing')),
    val=dict(
        type='CocoDataset',
        ann_file='/opt/ml/detection/dataset/cv_val_1.json',
        img_prefix='/opt/ml/detection/dataset/',
        pipeline=[
            dict(type='LoadImageFromFile'),
            dict(
                type='MultiScaleFlipAug',
                img_scale=(1024, 1024),
                flip=False,
                transforms=[
                    dict(type='Resize', keep_ratio=True),
                    dict(type='RandomFlip'),
                    dict(
                        type='Normalize',
                        mean=[
                            127.49413776397705, 127.43779182434082,
                            127.46098327636719
                        ],
                        std=[
                            73.86627551077616, 73.88234865304638,
                            73.8944344154546
                        ],
                        to_rgb=True),
                    dict(type='Pad', size_divisor=32),
                    dict(type='ImageToTensor', keys=['img']),
                    dict(type='Collect', keys=['img'])
                ])
        ],
        classes=('General trash', 'Paper', 'Paper pack', 'Metal', 'Glass',
                 'Plastic', 'Styrofoam', 'Plastic bag', 'Battery',
                 'Clothing')),
    test=dict(
        type='CocoDataset',
        ann_file='/opt/ml/detection/dataset/test.json',
        img_prefix='/opt/ml/detection/dataset/',
        pipeline=[
            dict(type='LoadImageFromFile'),
            dict(
                type='MultiScaleFlipAug',
                img_scale=(1024, 1024),
                flip=False,
                transforms=[
                    dict(type='Resize', keep_ratio=True),
                    dict(type='RandomFlip'),
                    dict(
                        type='Normalize',
                        mean=[
                            127.49413776397705, 127.43779182434082,
                            127.46098327636719
                        ],
                        std=[
                            73.86627551077616, 73.88234865304638,
                            73.8944344154546
                        ],
                        to_rgb=True),
                    dict(type='Pad', size_divisor=32),
                    dict(type='ImageToTensor', keys=['img']),
                    dict(type='Collect', keys=['img'])
                ])
        ],
        classes=('General trash', 'Paper', 'Paper pack', 'Metal', 'Glass',
                 'Plastic', 'Styrofoam', 'Plastic bag', 'Battery',
                 'Clothing')))
evaluation = dict(
    interval=1, metric='bbox', classwise=True, save_best='bbox_mAP_50')
optimizer = dict(
    type='AdamW',
    lr=0.0001,
    betas=(0.9, 0.999),
    weight_decay=0.05,
    paramwise_cfg=dict(
        custom_keys=dict(
            absolute_pos_embed=dict(decay_mult=0.0),
            relative_position_bias_table=dict(decay_mult=0.0),
            norm=dict(decay_mult=0.0))))
optimizer_config = dict(grad_clip=None)
lr_config = dict(
    policy='step',
    warmup='linear',
    warmup_iters=500,
    warmup_ratio=0.001,
    step=[8, 11])
runner = dict(type='EpochBasedRunner', max_epochs=36)
checkpoint_config = dict(interval=1)
log_config = dict(
    interval=100,
    hooks=[
        dict(type='TextLoggerHook', interval=100),
        dict(
            type='WandbLoggerHook',
            interval=100,
            init_kwargs=dict(
                project='objectdetection', name='dynamic_head_ATSS_f5'))
    ])
custom_hooks = [dict(type='NumClassCheckHook')]
dist_params = dict(backend='nccl')
log_level = 'INFO'
load_from = None
resume_from = None
workflow = [('train', 1), ('val', 1)]
opencv_num_threads = 0
mp_start_method = 'fork'
pretrained = 'https://github.com/SwinTransformer/storage/releases/download/v1.0.0/swin_tiny_patch4_window7_224.pth'
model = dict(
    type='ATSS',
    backbone=dict(
        type='SwinTransformer',
        embed_dims=96,
        depths=[2, 2, 6, 2],
        num_heads=[3, 6, 12, 24],
        window_size=7,
        mlp_ratio=4,
        qkv_bias=True,
        qk_scale=None,
        drop_rate=0.0,
        attn_drop_rate=0.0,
        drop_path_rate=0.2,
        patch_norm=True,
        out_indices=(0, 1, 2, 3),
        with_cp=False,
        convert_weights=True,
        init_cfg=dict(
            type='Pretrained',
            checkpoint=
            'https://github.com/SwinTransformer/storage/releases/download/v1.0.0/swin_tiny_patch4_window7_224.pth'
        )),
    neck=[
        dict(
            type='FPN',
            in_channels=[96, 192, 384, 768],
            out_channels=256,
            start_level=1,
            add_extra_convs='on_output',
            num_outs=5),
        dict(
            type='DyHead',
            in_channels=256,
            out_channels=256,
            num_blocks=6,
            zero_init_offset=False)
    ],
    bbox_head=dict(
        type='ATSSHead',
        num_classes=10,
        in_channels=256,
        pred_kernel_size=1,
        stacked_convs=0,
        feat_channels=256,
        anchor_generator=dict(
            type='AnchorGenerator',
            ratios=[1.0],
            octave_base_scale=8,
            scales_per_octave=1,
            strides=[8, 16, 32, 64, 128],
            center_offset=0.5),
        bbox_coder=dict(
            type='DeltaXYWHBBoxCoder',
            target_means=[0.0, 0.0, 0.0, 0.0],
            target_stds=[0.1, 0.1, 0.2, 0.2]),
        loss_cls=dict(
            type='FocalLoss',
            use_sigmoid=True,
            gamma=2.0,
            alpha=0.25,
            loss_weight=1.0),
        loss_bbox=dict(type='GIoULoss', loss_weight=2.0),
        loss_centerness=dict(
            type='CrossEntropyLoss', use_sigmoid=True, loss_weight=1.0)),
    train_cfg=dict(
        assigner=dict(type='ATSSAssigner', topk=9),
        allowed_border=-1,
        pos_weight=-1,
        debug=False),
    test_cfg=dict(
        nms_pre=1000,
        min_bbox_size=0,
        score_thr=0.05,
        nms=dict(type='nms', iou_threshold=0.6),
        max_per_img=100))
work_dir = './work_dirs/dynamic/5'
auto_resume = False
gpu_ids = [0]

2022-04-05 12:50:55,422 - mmdet - INFO - Set random seed to 2022, deterministic: False
2022-04-05 12:50:56,107 - mmdet - INFO - load checkpoint from http path: https://github.com/SwinTransformer/storage/releases/download/v1.0.0/swin_tiny_patch4_window7_224.pth
2022-04-05 12:50:56,404 - mmdet - INFO - initialize FPN with init_cfg {'type': 'Xavier', 'layer': 'Conv2d', 'distribution': 'uniform'}
2022-04-05 12:50:56,510 - mmdet - INFO - initialize ATSSHead with init_cfg {'type': 'Normal', 'layer': 'Conv2d', 'std': 0.01, 'override': {'type': 'Normal', 'name': 'atss_cls', 'std': 0.01, 'bias_prob': 0.01}}
Name of parameter - Initialization information

backbone.patch_embed.projection.weight - torch.Size([96, 3, 4, 4]): 
Initialized by user-defined `init_weights` in SwinTransformer  

backbone.patch_embed.projection.bias - torch.Size([96]): 
Initialized by user-defined `init_weights` in SwinTransformer  

backbone.patch_embed.norm.weight - torch.Size([96]): 
Initialized by user-defined `init_weights` in SwinTransformer  

backbone.patch_embed.norm.bias - torch.Size([96]): 
Initialized by user-defined `init_weights` in SwinTransformer  

backbone.stages.0.blocks.0.norm1.weight - torch.Size([96]): 
Initialized by user-defined `init_weights` in SwinTransformer  

backbone.stages.0.blocks.0.norm1.bias - torch.Size([96]): 
Initialized by user-defined `init_weights` in SwinTransformer  

backbone.stages.0.blocks.0.attn.w_msa.relative_position_bias_table - torch.Size([169, 3]): 
Initialized by user-defined `init_weights` in SwinTransformer  

backbone.stages.0.blocks.0.attn.w_msa.qkv.weight - torch.Size([288, 96]): 
Initialized by user-defined `init_weights` in SwinTransformer  

backbone.stages.0.blocks.0.attn.w_msa.qkv.bias - torch.Size([288]): 
Initialized by user-defined `init_weights` in SwinTransformer  

backbone.stages.0.blocks.0.attn.w_msa.proj.weight - torch.Size([96, 96]): 
Initialized by user-defined `init_weights` in SwinTransformer  

backbone.stages.0.blocks.0.attn.w_msa.proj.bias - torch.Size([96]): 
Initialized by user-defined `init_weights` in SwinTransformer  

backbone.stages.0.blocks.0.norm2.weight - torch.Size([96]): 
Initialized by user-defined `init_weights` in SwinTransformer  

backbone.stages.0.blocks.0.norm2.bias - torch.Size([96]): 
Initialized by user-defined `init_weights` in SwinTransformer  

backbone.stages.0.blocks.0.ffn.layers.0.0.weight - torch.Size([384, 96]): 
Initialized by user-defined `init_weights` in SwinTransformer  

backbone.stages.0.blocks.0.ffn.layers.0.0.bias - torch.Size([384]): 
Initialized by user-defined `init_weights` in SwinTransformer  

backbone.stages.0.blocks.0.ffn.layers.1.weight - torch.Size([96, 384]): 
Initialized by user-defined `init_weights` in SwinTransformer  

backbone.stages.0.blocks.0.ffn.layers.1.bias - torch.Size([96]): 
Initialized by user-defined `init_weights` in SwinTransformer  

backbone.stages.0.blocks.1.norm1.weight - torch.Size([96]): 
Initialized by user-defined `init_weights` in SwinTransformer  

backbone.stages.0.blocks.1.norm1.bias - torch.Size([96]): 
Initialized by user-defined `init_weights` in SwinTransformer  

backbone.stages.0.blocks.1.attn.w_msa.relative_position_bias_table - torch.Size([169, 3]): 
Initialized by user-defined `init_weights` in SwinTransformer  

backbone.stages.0.blocks.1.attn.w_msa.qkv.weight - torch.Size([288, 96]): 
Initialized by user-defined `init_weights` in SwinTransformer  

backbone.stages.0.blocks.1.attn.w_msa.qkv.bias - torch.Size([288]): 
Initialized by user-defined `init_weights` in SwinTransformer  

backbone.stages.0.blocks.1.attn.w_msa.proj.weight - torch.Size([96, 96]): 
Initialized by user-defined `init_weights` in SwinTransformer  

backbone.stages.0.blocks.1.attn.w_msa.proj.bias - torch.Size([96]): 
Initialized by user-defined `init_weights` in SwinTransformer  

backbone.stages.0.blocks.1.norm2.weight - torch.Size([96]): 
Initialized by user-defined `init_weights` in SwinTransformer  

backbone.stages.0.blocks.1.norm2.bias - torch.Size([96]): 
Initialized by user-defined `init_weights` in SwinTransformer  

backbone.stages.0.blocks.1.ffn.layers.0.0.weight - torch.Size([384, 96]): 
Initialized by user-defined `init_weights` in SwinTransformer  

backbone.stages.0.blocks.1.ffn.layers.0.0.bias - torch.Size([384]): 
Initialized by user-defined `init_weights` in SwinTransformer  

backbone.stages.0.blocks.1.ffn.layers.1.weight - torch.Size([96, 384]): 
Initialized by user-defined `init_weights` in SwinTransformer  

backbone.stages.0.blocks.1.ffn.layers.1.bias - torch.Size([96]): 
Initialized by user-defined `init_weights` in SwinTransformer  

backbone.stages.0.downsample.norm.weight - torch.Size([384]): 
Initialized by user-defined `init_weights` in SwinTransformer  

backbone.stages.0.downsample.norm.bias - torch.Size([384]): 
Initialized by user-defined `init_weights` in SwinTransformer  

backbone.stages.0.downsample.reduction.weight - torch.Size([192, 384]): 
Initialized by user-defined `init_weights` in SwinTransformer  

backbone.stages.1.blocks.0.norm1.weight - torch.Size([192]): 
Initialized by user-defined `init_weights` in SwinTransformer  

backbone.stages.1.blocks.0.norm1.bias - torch.Size([192]): 
Initialized by user-defined `init_weights` in SwinTransformer  

backbone.stages.1.blocks.0.attn.w_msa.relative_position_bias_table - torch.Size([169, 6]): 
Initialized by user-defined `init_weights` in SwinTransformer  

backbone.stages.1.blocks.0.attn.w_msa.qkv.weight - torch.Size([576, 192]): 
Initialized by user-defined `init_weights` in SwinTransformer  

backbone.stages.1.blocks.0.attn.w_msa.qkv.bias - torch.Size([576]): 
Initialized by user-defined `init_weights` in SwinTransformer  

backbone.stages.1.blocks.0.attn.w_msa.proj.weight - torch.Size([192, 192]): 
Initialized by user-defined `init_weights` in SwinTransformer  

backbone.stages.1.blocks.0.attn.w_msa.proj.bias - torch.Size([192]): 
Initialized by user-defined `init_weights` in SwinTransformer  

backbone.stages.1.blocks.0.norm2.weight - torch.Size([192]): 
Initialized by user-defined `init_weights` in SwinTransformer  

backbone.stages.1.blocks.0.norm2.bias - torch.Size([192]): 
Initialized by user-defined `init_weights` in SwinTransformer  

backbone.stages.1.blocks.0.ffn.layers.0.0.weight - torch.Size([768, 192]): 
Initialized by user-defined `init_weights` in SwinTransformer  

backbone.stages.1.blocks.0.ffn.layers.0.0.bias - torch.Size([768]): 
Initialized by user-defined `init_weights` in SwinTransformer  

backbone.stages.1.blocks.0.ffn.layers.1.weight - torch.Size([192, 768]): 
Initialized by user-defined `init_weights` in SwinTransformer  

backbone.stages.1.blocks.0.ffn.layers.1.bias - torch.Size([192]): 
Initialized by user-defined `init_weights` in SwinTransformer  

backbone.stages.1.blocks.1.norm1.weight - torch.Size([192]): 
Initialized by user-defined `init_weights` in SwinTransformer  

backbone.stages.1.blocks.1.norm1.bias - torch.Size([192]): 
Initialized by user-defined `init_weights` in SwinTransformer  

backbone.stages.1.blocks.1.attn.w_msa.relative_position_bias_table - torch.Size([169, 6]): 
Initialized by user-defined `init_weights` in SwinTransformer  

backbone.stages.1.blocks.1.attn.w_msa.qkv.weight - torch.Size([576, 192]): 
Initialized by user-defined `init_weights` in SwinTransformer  

backbone.stages.1.blocks.1.attn.w_msa.qkv.bias - torch.Size([576]): 
Initialized by user-defined `init_weights` in SwinTransformer  

backbone.stages.1.blocks.1.attn.w_msa.proj.weight - torch.Size([192, 192]): 
Initialized by user-defined `init_weights` in SwinTransformer  

backbone.stages.1.blocks.1.attn.w_msa.proj.bias - torch.Size([192]): 
Initialized by user-defined `init_weights` in SwinTransformer  

backbone.stages.1.blocks.1.norm2.weight - torch.Size([192]): 
Initialized by user-defined `init_weights` in SwinTransformer  

backbone.stages.1.blocks.1.norm2.bias - torch.Size([192]): 
Initialized by user-defined `init_weights` in SwinTransformer  

backbone.stages.1.blocks.1.ffn.layers.0.0.weight - torch.Size([768, 192]): 
Initialized by user-defined `init_weights` in SwinTransformer  

backbone.stages.1.blocks.1.ffn.layers.0.0.bias - torch.Size([768]): 
Initialized by user-defined `init_weights` in SwinTransformer  

backbone.stages.1.blocks.1.ffn.layers.1.weight - torch.Size([192, 768]): 
Initialized by user-defined `init_weights` in SwinTransformer  

backbone.stages.1.blocks.1.ffn.layers.1.bias - torch.Size([192]): 
Initialized by user-defined `init_weights` in SwinTransformer  

backbone.stages.1.downsample.norm.weight - torch.Size([768]): 
Initialized by user-defined `init_weights` in SwinTransformer  

backbone.stages.1.downsample.norm.bias - torch.Size([768]): 
Initialized by user-defined `init_weights` in SwinTransformer  

backbone.stages.1.downsample.reduction.weight - torch.Size([384, 768]): 
Initialized by user-defined `init_weights` in SwinTransformer  

backbone.stages.2.blocks.0.norm1.weight - torch.Size([384]): 
Initialized by user-defined `init_weights` in SwinTransformer  

backbone.stages.2.blocks.0.norm1.bias - torch.Size([384]): 
Initialized by user-defined `init_weights` in SwinTransformer  

backbone.stages.2.blocks.0.attn.w_msa.relative_position_bias_table - torch.Size([169, 12]): 
Initialized by user-defined `init_weights` in SwinTransformer  

backbone.stages.2.blocks.0.attn.w_msa.qkv.weight - torch.Size([1152, 384]): 
Initialized by user-defined `init_weights` in SwinTransformer  

backbone.stages.2.blocks.0.attn.w_msa.qkv.bias - torch.Size([1152]): 
Initialized by user-defined `init_weights` in SwinTransformer  

backbone.stages.2.blocks.0.attn.w_msa.proj.weight - torch.Size([384, 384]): 
Initialized by user-defined `init_weights` in SwinTransformer  

backbone.stages.2.blocks.0.attn.w_msa.proj.bias - torch.Size([384]): 
Initialized by user-defined `init_weights` in SwinTransformer  

backbone.stages.2.blocks.0.norm2.weight - torch.Size([384]): 
Initialized by user-defined `init_weights` in SwinTransformer  

backbone.stages.2.blocks.0.norm2.bias - torch.Size([384]): 
Initialized by user-defined `init_weights` in SwinTransformer  

backbone.stages.2.blocks.0.ffn.layers.0.0.weight - torch.Size([1536, 384]): 
Initialized by user-defined `init_weights` in SwinTransformer  

backbone.stages.2.blocks.0.ffn.layers.0.0.bias - torch.Size([1536]): 
Initialized by user-defined `init_weights` in SwinTransformer  

backbone.stages.2.blocks.0.ffn.layers.1.weight - torch.Size([384, 1536]): 
Initialized by user-defined `init_weights` in SwinTransformer  

backbone.stages.2.blocks.0.ffn.layers.1.bias - torch.Size([384]): 
Initialized by user-defined `init_weights` in SwinTransformer  

backbone.stages.2.blocks.1.norm1.weight - torch.Size([384]): 
Initialized by user-defined `init_weights` in SwinTransformer  

backbone.stages.2.blocks.1.norm1.bias - torch.Size([384]): 
Initialized by user-defined `init_weights` in SwinTransformer  

backbone.stages.2.blocks.1.attn.w_msa.relative_position_bias_table - torch.Size([169, 12]): 
Initialized by user-defined `init_weights` in SwinTransformer  

backbone.stages.2.blocks.1.attn.w_msa.qkv.weight - torch.Size([1152, 384]): 
Initialized by user-defined `init_weights` in SwinTransformer  

backbone.stages.2.blocks.1.attn.w_msa.qkv.bias - torch.Size([1152]): 
Initialized by user-defined `init_weights` in SwinTransformer  

backbone.stages.2.blocks.1.attn.w_msa.proj.weight - torch.Size([384, 384]): 
Initialized by user-defined `init_weights` in SwinTransformer  

backbone.stages.2.blocks.1.attn.w_msa.proj.bias - torch.Size([384]): 
Initialized by user-defined `init_weights` in SwinTransformer  

backbone.stages.2.blocks.1.norm2.weight - torch.Size([384]): 
Initialized by user-defined `init_weights` in SwinTransformer  

backbone.stages.2.blocks.1.norm2.bias - torch.Size([384]): 
Initialized by user-defined `init_weights` in SwinTransformer  

backbone.stages.2.blocks.1.ffn.layers.0.0.weight - torch.Size([1536, 384]): 
Initialized by user-defined `init_weights` in SwinTransformer  

backbone.stages.2.blocks.1.ffn.layers.0.0.bias - torch.Size([1536]): 
Initialized by user-defined `init_weights` in SwinTransformer  

backbone.stages.2.blocks.1.ffn.layers.1.weight - torch.Size([384, 1536]): 
Initialized by user-defined `init_weights` in SwinTransformer  

backbone.stages.2.blocks.1.ffn.layers.1.bias - torch.Size([384]): 
Initialized by user-defined `init_weights` in SwinTransformer  

backbone.stages.2.blocks.2.norm1.weight - torch.Size([384]): 
Initialized by user-defined `init_weights` in SwinTransformer  

backbone.stages.2.blocks.2.norm1.bias - torch.Size([384]): 
Initialized by user-defined `init_weights` in SwinTransformer  

backbone.stages.2.blocks.2.attn.w_msa.relative_position_bias_table - torch.Size([169, 12]): 
Initialized by user-defined `init_weights` in SwinTransformer  

backbone.stages.2.blocks.2.attn.w_msa.qkv.weight - torch.Size([1152, 384]): 
Initialized by user-defined `init_weights` in SwinTransformer  

backbone.stages.2.blocks.2.attn.w_msa.qkv.bias - torch.Size([1152]): 
Initialized by user-defined `init_weights` in SwinTransformer  

backbone.stages.2.blocks.2.attn.w_msa.proj.weight - torch.Size([384, 384]): 
Initialized by user-defined `init_weights` in SwinTransformer  

backbone.stages.2.blocks.2.attn.w_msa.proj.bias - torch.Size([384]): 
Initialized by user-defined `init_weights` in SwinTransformer  

backbone.stages.2.blocks.2.norm2.weight - torch.Size([384]): 
Initialized by user-defined `init_weights` in SwinTransformer  

backbone.stages.2.blocks.2.norm2.bias - torch.Size([384]): 
Initialized by user-defined `init_weights` in SwinTransformer  

backbone.stages.2.blocks.2.ffn.layers.0.0.weight - torch.Size([1536, 384]): 
Initialized by user-defined `init_weights` in SwinTransformer  

backbone.stages.2.blocks.2.ffn.layers.0.0.bias - torch.Size([1536]): 
Initialized by user-defined `init_weights` in SwinTransformer  

backbone.stages.2.blocks.2.ffn.layers.1.weight - torch.Size([384, 1536]): 
Initialized by user-defined `init_weights` in SwinTransformer  

backbone.stages.2.blocks.2.ffn.layers.1.bias - torch.Size([384]): 
Initialized by user-defined `init_weights` in SwinTransformer  

backbone.stages.2.blocks.3.norm1.weight - torch.Size([384]): 
Initialized by user-defined `init_weights` in SwinTransformer  

backbone.stages.2.blocks.3.norm1.bias - torch.Size([384]): 
Initialized by user-defined `init_weights` in SwinTransformer  

backbone.stages.2.blocks.3.attn.w_msa.relative_position_bias_table - torch.Size([169, 12]): 
Initialized by user-defined `init_weights` in SwinTransformer  

backbone.stages.2.blocks.3.attn.w_msa.qkv.weight - torch.Size([1152, 384]): 
Initialized by user-defined `init_weights` in SwinTransformer  

backbone.stages.2.blocks.3.attn.w_msa.qkv.bias - torch.Size([1152]): 
Initialized by user-defined `init_weights` in SwinTransformer  

backbone.stages.2.blocks.3.attn.w_msa.proj.weight - torch.Size([384, 384]): 
Initialized by user-defined `init_weights` in SwinTransformer  

backbone.stages.2.blocks.3.attn.w_msa.proj.bias - torch.Size([384]): 
Initialized by user-defined `init_weights` in SwinTransformer  

backbone.stages.2.blocks.3.norm2.weight - torch.Size([384]): 
Initialized by user-defined `init_weights` in SwinTransformer  

backbone.stages.2.blocks.3.norm2.bias - torch.Size([384]): 
Initialized by user-defined `init_weights` in SwinTransformer  

backbone.stages.2.blocks.3.ffn.layers.0.0.weight - torch.Size([1536, 384]): 
Initialized by user-defined `init_weights` in SwinTransformer  

backbone.stages.2.blocks.3.ffn.layers.0.0.bias - torch.Size([1536]): 
Initialized by user-defined `init_weights` in SwinTransformer  

backbone.stages.2.blocks.3.ffn.layers.1.weight - torch.Size([384, 1536]): 
Initialized by user-defined `init_weights` in SwinTransformer  

backbone.stages.2.blocks.3.ffn.layers.1.bias - torch.Size([384]): 
Initialized by user-defined `init_weights` in SwinTransformer  

backbone.stages.2.blocks.4.norm1.weight - torch.Size([384]): 
Initialized by user-defined `init_weights` in SwinTransformer  

backbone.stages.2.blocks.4.norm1.bias - torch.Size([384]): 
Initialized by user-defined `init_weights` in SwinTransformer  

backbone.stages.2.blocks.4.attn.w_msa.relative_position_bias_table - torch.Size([169, 12]): 
Initialized by user-defined `init_weights` in SwinTransformer  

backbone.stages.2.blocks.4.attn.w_msa.qkv.weight - torch.Size([1152, 384]): 
Initialized by user-defined `init_weights` in SwinTransformer  

backbone.stages.2.blocks.4.attn.w_msa.qkv.bias - torch.Size([1152]): 
Initialized by user-defined `init_weights` in SwinTransformer  

backbone.stages.2.blocks.4.attn.w_msa.proj.weight - torch.Size([384, 384]): 
Initialized by user-defined `init_weights` in SwinTransformer  

backbone.stages.2.blocks.4.attn.w_msa.proj.bias - torch.Size([384]): 
Initialized by user-defined `init_weights` in SwinTransformer  

backbone.stages.2.blocks.4.norm2.weight - torch.Size([384]): 
Initialized by user-defined `init_weights` in SwinTransformer  

backbone.stages.2.blocks.4.norm2.bias - torch.Size([384]): 
Initialized by user-defined `init_weights` in SwinTransformer  

backbone.stages.2.blocks.4.ffn.layers.0.0.weight - torch.Size([1536, 384]): 
Initialized by user-defined `init_weights` in SwinTransformer  

backbone.stages.2.blocks.4.ffn.layers.0.0.bias - torch.Size([1536]): 
Initialized by user-defined `init_weights` in SwinTransformer  

backbone.stages.2.blocks.4.ffn.layers.1.weight - torch.Size([384, 1536]): 
Initialized by user-defined `init_weights` in SwinTransformer  

backbone.stages.2.blocks.4.ffn.layers.1.bias - torch.Size([384]): 
Initialized by user-defined `init_weights` in SwinTransformer  

backbone.stages.2.blocks.5.norm1.weight - torch.Size([384]): 
Initialized by user-defined `init_weights` in SwinTransformer  

backbone.stages.2.blocks.5.norm1.bias - torch.Size([384]): 
Initialized by user-defined `init_weights` in SwinTransformer  

backbone.stages.2.blocks.5.attn.w_msa.relative_position_bias_table - torch.Size([169, 12]): 
Initialized by user-defined `init_weights` in SwinTransformer  

backbone.stages.2.blocks.5.attn.w_msa.qkv.weight - torch.Size([1152, 384]): 
Initialized by user-defined `init_weights` in SwinTransformer  

backbone.stages.2.blocks.5.attn.w_msa.qkv.bias - torch.Size([1152]): 
Initialized by user-defined `init_weights` in SwinTransformer  

backbone.stages.2.blocks.5.attn.w_msa.proj.weight - torch.Size([384, 384]): 
Initialized by user-defined `init_weights` in SwinTransformer  

backbone.stages.2.blocks.5.attn.w_msa.proj.bias - torch.Size([384]): 
Initialized by user-defined `init_weights` in SwinTransformer  

backbone.stages.2.blocks.5.norm2.weight - torch.Size([384]): 
Initialized by user-defined `init_weights` in SwinTransformer  

backbone.stages.2.blocks.5.norm2.bias - torch.Size([384]): 
Initialized by user-defined `init_weights` in SwinTransformer  

backbone.stages.2.blocks.5.ffn.layers.0.0.weight - torch.Size([1536, 384]): 
Initialized by user-defined `init_weights` in SwinTransformer  

backbone.stages.2.blocks.5.ffn.layers.0.0.bias - torch.Size([1536]): 
Initialized by user-defined `init_weights` in SwinTransformer  

backbone.stages.2.blocks.5.ffn.layers.1.weight - torch.Size([384, 1536]): 
Initialized by user-defined `init_weights` in SwinTransformer  

backbone.stages.2.blocks.5.ffn.layers.1.bias - torch.Size([384]): 
Initialized by user-defined `init_weights` in SwinTransformer  

backbone.stages.2.downsample.norm.weight - torch.Size([1536]): 
Initialized by user-defined `init_weights` in SwinTransformer  

backbone.stages.2.downsample.norm.bias - torch.Size([1536]): 
Initialized by user-defined `init_weights` in SwinTransformer  

backbone.stages.2.downsample.reduction.weight - torch.Size([768, 1536]): 
Initialized by user-defined `init_weights` in SwinTransformer  

backbone.stages.3.blocks.0.norm1.weight - torch.Size([768]): 
Initialized by user-defined `init_weights` in SwinTransformer  

backbone.stages.3.blocks.0.norm1.bias - torch.Size([768]): 
Initialized by user-defined `init_weights` in SwinTransformer  

backbone.stages.3.blocks.0.attn.w_msa.relative_position_bias_table - torch.Size([169, 24]): 
Initialized by user-defined `init_weights` in SwinTransformer  

backbone.stages.3.blocks.0.attn.w_msa.qkv.weight - torch.Size([2304, 768]): 
Initialized by user-defined `init_weights` in SwinTransformer  

backbone.stages.3.blocks.0.attn.w_msa.qkv.bias - torch.Size([2304]): 
Initialized by user-defined `init_weights` in SwinTransformer  

backbone.stages.3.blocks.0.attn.w_msa.proj.weight - torch.Size([768, 768]): 
Initialized by user-defined `init_weights` in SwinTransformer  

backbone.stages.3.blocks.0.attn.w_msa.proj.bias - torch.Size([768]): 
Initialized by user-defined `init_weights` in SwinTransformer  

backbone.stages.3.blocks.0.norm2.weight - torch.Size([768]): 
Initialized by user-defined `init_weights` in SwinTransformer  

backbone.stages.3.blocks.0.norm2.bias - torch.Size([768]): 
Initialized by user-defined `init_weights` in SwinTransformer  

backbone.stages.3.blocks.0.ffn.layers.0.0.weight - torch.Size([3072, 768]): 
Initialized by user-defined `init_weights` in SwinTransformer  

backbone.stages.3.blocks.0.ffn.layers.0.0.bias - torch.Size([3072]): 
Initialized by user-defined `init_weights` in SwinTransformer  

backbone.stages.3.blocks.0.ffn.layers.1.weight - torch.Size([768, 3072]): 
Initialized by user-defined `init_weights` in SwinTransformer  

backbone.stages.3.blocks.0.ffn.layers.1.bias - torch.Size([768]): 
Initialized by user-defined `init_weights` in SwinTransformer  

backbone.stages.3.blocks.1.norm1.weight - torch.Size([768]): 
Initialized by user-defined `init_weights` in SwinTransformer  

backbone.stages.3.blocks.1.norm1.bias - torch.Size([768]): 
Initialized by user-defined `init_weights` in SwinTransformer  

backbone.stages.3.blocks.1.attn.w_msa.relative_position_bias_table - torch.Size([169, 24]): 
Initialized by user-defined `init_weights` in SwinTransformer  

backbone.stages.3.blocks.1.attn.w_msa.qkv.weight - torch.Size([2304, 768]): 
Initialized by user-defined `init_weights` in SwinTransformer  

backbone.stages.3.blocks.1.attn.w_msa.qkv.bias - torch.Size([2304]): 
Initialized by user-defined `init_weights` in SwinTransformer  

backbone.stages.3.blocks.1.attn.w_msa.proj.weight - torch.Size([768, 768]): 
Initialized by user-defined `init_weights` in SwinTransformer  

backbone.stages.3.blocks.1.attn.w_msa.proj.bias - torch.Size([768]): 
Initialized by user-defined `init_weights` in SwinTransformer  

backbone.stages.3.blocks.1.norm2.weight - torch.Size([768]): 
Initialized by user-defined `init_weights` in SwinTransformer  

backbone.stages.3.blocks.1.norm2.bias - torch.Size([768]): 
Initialized by user-defined `init_weights` in SwinTransformer  

backbone.stages.3.blocks.1.ffn.layers.0.0.weight - torch.Size([3072, 768]): 
Initialized by user-defined `init_weights` in SwinTransformer  

backbone.stages.3.blocks.1.ffn.layers.0.0.bias - torch.Size([3072]): 
Initialized by user-defined `init_weights` in SwinTransformer  

backbone.stages.3.blocks.1.ffn.layers.1.weight - torch.Size([768, 3072]): 
Initialized by user-defined `init_weights` in SwinTransformer  

backbone.stages.3.blocks.1.ffn.layers.1.bias - torch.Size([768]): 
Initialized by user-defined `init_weights` in SwinTransformer  

backbone.norm0.weight - torch.Size([96]): 
The value is the same before and after calling `init_weights` of ATSS  

backbone.norm0.bias - torch.Size([96]): 
The value is the same before and after calling `init_weights` of ATSS  

backbone.norm1.weight - torch.Size([192]): 
The value is the same before and after calling `init_weights` of ATSS  

backbone.norm1.bias - torch.Size([192]): 
The value is the same before and after calling `init_weights` of ATSS  

backbone.norm2.weight - torch.Size([384]): 
The value is the same before and after calling `init_weights` of ATSS  

backbone.norm2.bias - torch.Size([384]): 
The value is the same before and after calling `init_weights` of ATSS  

backbone.norm3.weight - torch.Size([768]): 
The value is the same before and after calling `init_weights` of ATSS  

backbone.norm3.bias - torch.Size([768]): 
The value is the same before and after calling `init_weights` of ATSS  

neck.0.lateral_convs.0.conv.weight - torch.Size([256, 192, 1, 1]): 
XavierInit: gain=1, distribution=uniform, bias=0 

neck.0.lateral_convs.0.conv.bias - torch.Size([256]): 
The value is the same before and after calling `init_weights` of ATSS  

neck.0.lateral_convs.1.conv.weight - torch.Size([256, 384, 1, 1]): 
XavierInit: gain=1, distribution=uniform, bias=0 

neck.0.lateral_convs.1.conv.bias - torch.Size([256]): 
The value is the same before and after calling `init_weights` of ATSS  

neck.0.lateral_convs.2.conv.weight - torch.Size([256, 768, 1, 1]): 
XavierInit: gain=1, distribution=uniform, bias=0 

neck.0.lateral_convs.2.conv.bias - torch.Size([256]): 
The value is the same before and after calling `init_weights` of ATSS  

neck.0.fpn_convs.0.conv.weight - torch.Size([256, 256, 3, 3]): 
XavierInit: gain=1, distribution=uniform, bias=0 

neck.0.fpn_convs.0.conv.bias - torch.Size([256]): 
The value is the same before and after calling `init_weights` of ATSS  

neck.0.fpn_convs.1.conv.weight - torch.Size([256, 256, 3, 3]): 
XavierInit: gain=1, distribution=uniform, bias=0 

neck.0.fpn_convs.1.conv.bias - torch.Size([256]): 
The value is the same before and after calling `init_weights` of ATSS  

neck.0.fpn_convs.2.conv.weight - torch.Size([256, 256, 3, 3]): 
XavierInit: gain=1, distribution=uniform, bias=0 

neck.0.fpn_convs.2.conv.bias - torch.Size([256]): 
The value is the same before and after calling `init_weights` of ATSS  

neck.0.fpn_convs.3.conv.weight - torch.Size([256, 256, 3, 3]): 
XavierInit: gain=1, distribution=uniform, bias=0 

neck.0.fpn_convs.3.conv.bias - torch.Size([256]): 
The value is the same before and after calling `init_weights` of ATSS  

neck.0.fpn_convs.4.conv.weight - torch.Size([256, 256, 3, 3]): 
XavierInit: gain=1, distribution=uniform, bias=0 

neck.0.fpn_convs.4.conv.bias - torch.Size([256]): 
The value is the same before and after calling `init_weights` of ATSS  

neck.1.dyhead_blocks.0.spatial_conv_high.conv.weight - torch.Size([256, 256, 3, 3]): 
The value is the same before and after calling `init_weights` of ATSS  

neck.1.dyhead_blocks.0.spatial_conv_high.norm.weight - torch.Size([256]): 
The value is the same before and after calling `init_weights` of ATSS  

neck.1.dyhead_blocks.0.spatial_conv_high.norm.bias - torch.Size([256]): 
The value is the same before and after calling `init_weights` of ATSS  

neck.1.dyhead_blocks.0.spatial_conv_mid.conv.weight - torch.Size([256, 256, 3, 3]): 
The value is the same before and after calling `init_weights` of ATSS  

neck.1.dyhead_blocks.0.spatial_conv_mid.norm.weight - torch.Size([256]): 
The value is the same before and after calling `init_weights` of ATSS  

neck.1.dyhead_blocks.0.spatial_conv_mid.norm.bias - torch.Size([256]): 
The value is the same before and after calling `init_weights` of ATSS  

neck.1.dyhead_blocks.0.spatial_conv_low.conv.weight - torch.Size([256, 256, 3, 3]): 
The value is the same before and after calling `init_weights` of ATSS  

neck.1.dyhead_blocks.0.spatial_conv_low.norm.weight - torch.Size([256]): 
The value is the same before and after calling `init_weights` of ATSS  

neck.1.dyhead_blocks.0.spatial_conv_low.norm.bias - torch.Size([256]): 
The value is the same before and after calling `init_weights` of ATSS  

neck.1.dyhead_blocks.0.spatial_conv_offset.weight - torch.Size([27, 256, 3, 3]): 
The value is the same before and after calling `init_weights` of ATSS  

neck.1.dyhead_blocks.0.spatial_conv_offset.bias - torch.Size([27]): 
The value is the same before and after calling `init_weights` of ATSS  

neck.1.dyhead_blocks.0.scale_attn_module.1.weight - torch.Size([1, 256, 1, 1]): 
The value is the same before and after calling `init_weights` of ATSS  

neck.1.dyhead_blocks.0.scale_attn_module.1.bias - torch.Size([1]): 
The value is the same before and after calling `init_weights` of ATSS  

neck.1.dyhead_blocks.0.task_attn_module.conv1.conv.weight - torch.Size([64, 256, 1, 1]): 
The value is the same before and after calling `init_weights` of ATSS  

neck.1.dyhead_blocks.0.task_attn_module.conv1.conv.bias - torch.Size([64]): 
The value is the same before and after calling `init_weights` of ATSS  

neck.1.dyhead_blocks.0.task_attn_module.conv2.conv.weight - torch.Size([1024, 64, 1, 1]): 
The value is the same before and after calling `init_weights` of ATSS  

neck.1.dyhead_blocks.0.task_attn_module.conv2.conv.bias - torch.Size([1024]): 
The value is the same before and after calling `init_weights` of ATSS  

neck.1.dyhead_blocks.1.spatial_conv_high.conv.weight - torch.Size([256, 256, 3, 3]): 
The value is the same before and after calling `init_weights` of ATSS  

neck.1.dyhead_blocks.1.spatial_conv_high.norm.weight - torch.Size([256]): 
The value is the same before and after calling `init_weights` of ATSS  

neck.1.dyhead_blocks.1.spatial_conv_high.norm.bias - torch.Size([256]): 
The value is the same before and after calling `init_weights` of ATSS  

neck.1.dyhead_blocks.1.spatial_conv_mid.conv.weight - torch.Size([256, 256, 3, 3]): 
The value is the same before and after calling `init_weights` of ATSS  

neck.1.dyhead_blocks.1.spatial_conv_mid.norm.weight - torch.Size([256]): 
The value is the same before and after calling `init_weights` of ATSS  

neck.1.dyhead_blocks.1.spatial_conv_mid.norm.bias - torch.Size([256]): 
The value is the same before and after calling `init_weights` of ATSS  

neck.1.dyhead_blocks.1.spatial_conv_low.conv.weight - torch.Size([256, 256, 3, 3]): 
The value is the same before and after calling `init_weights` of ATSS  

neck.1.dyhead_blocks.1.spatial_conv_low.norm.weight - torch.Size([256]): 
The value is the same before and after calling `init_weights` of ATSS  

neck.1.dyhead_blocks.1.spatial_conv_low.norm.bias - torch.Size([256]): 
The value is the same before and after calling `init_weights` of ATSS  

neck.1.dyhead_blocks.1.spatial_conv_offset.weight - torch.Size([27, 256, 3, 3]): 
The value is the same before and after calling `init_weights` of ATSS  

neck.1.dyhead_blocks.1.spatial_conv_offset.bias - torch.Size([27]): 
The value is the same before and after calling `init_weights` of ATSS  

neck.1.dyhead_blocks.1.scale_attn_module.1.weight - torch.Size([1, 256, 1, 1]): 
The value is the same before and after calling `init_weights` of ATSS  

neck.1.dyhead_blocks.1.scale_attn_module.1.bias - torch.Size([1]): 
The value is the same before and after calling `init_weights` of ATSS  

neck.1.dyhead_blocks.1.task_attn_module.conv1.conv.weight - torch.Size([64, 256, 1, 1]): 
The value is the same before and after calling `init_weights` of ATSS  

neck.1.dyhead_blocks.1.task_attn_module.conv1.conv.bias - torch.Size([64]): 
The value is the same before and after calling `init_weights` of ATSS  

neck.1.dyhead_blocks.1.task_attn_module.conv2.conv.weight - torch.Size([1024, 64, 1, 1]): 
The value is the same before and after calling `init_weights` of ATSS  

neck.1.dyhead_blocks.1.task_attn_module.conv2.conv.bias - torch.Size([1024]): 
The value is the same before and after calling `init_weights` of ATSS  

neck.1.dyhead_blocks.2.spatial_conv_high.conv.weight - torch.Size([256, 256, 3, 3]): 
The value is the same before and after calling `init_weights` of ATSS  

neck.1.dyhead_blocks.2.spatial_conv_high.norm.weight - torch.Size([256]): 
The value is the same before and after calling `init_weights` of ATSS  

neck.1.dyhead_blocks.2.spatial_conv_high.norm.bias - torch.Size([256]): 
The value is the same before and after calling `init_weights` of ATSS  

neck.1.dyhead_blocks.2.spatial_conv_mid.conv.weight - torch.Size([256, 256, 3, 3]): 
The value is the same before and after calling `init_weights` of ATSS  

neck.1.dyhead_blocks.2.spatial_conv_mid.norm.weight - torch.Size([256]): 
The value is the same before and after calling `init_weights` of ATSS  

neck.1.dyhead_blocks.2.spatial_conv_mid.norm.bias - torch.Size([256]): 
The value is the same before and after calling `init_weights` of ATSS  

neck.1.dyhead_blocks.2.spatial_conv_low.conv.weight - torch.Size([256, 256, 3, 3]): 
The value is the same before and after calling `init_weights` of ATSS  

neck.1.dyhead_blocks.2.spatial_conv_low.norm.weight - torch.Size([256]): 
The value is the same before and after calling `init_weights` of ATSS  

neck.1.dyhead_blocks.2.spatial_conv_low.norm.bias - torch.Size([256]): 
The value is the same before and after calling `init_weights` of ATSS  

neck.1.dyhead_blocks.2.spatial_conv_offset.weight - torch.Size([27, 256, 3, 3]): 
The value is the same before and after calling `init_weights` of ATSS  

neck.1.dyhead_blocks.2.spatial_conv_offset.bias - torch.Size([27]): 
The value is the same before and after calling `init_weights` of ATSS  

neck.1.dyhead_blocks.2.scale_attn_module.1.weight - torch.Size([1, 256, 1, 1]): 
The value is the same before and after calling `init_weights` of ATSS  

neck.1.dyhead_blocks.2.scale_attn_module.1.bias - torch.Size([1]): 
The value is the same before and after calling `init_weights` of ATSS  

neck.1.dyhead_blocks.2.task_attn_module.conv1.conv.weight - torch.Size([64, 256, 1, 1]): 
The value is the same before and after calling `init_weights` of ATSS  

neck.1.dyhead_blocks.2.task_attn_module.conv1.conv.bias - torch.Size([64]): 
The value is the same before and after calling `init_weights` of ATSS  

neck.1.dyhead_blocks.2.task_attn_module.conv2.conv.weight - torch.Size([1024, 64, 1, 1]): 
The value is the same before and after calling `init_weights` of ATSS  

neck.1.dyhead_blocks.2.task_attn_module.conv2.conv.bias - torch.Size([1024]): 
The value is the same before and after calling `init_weights` of ATSS  

neck.1.dyhead_blocks.3.spatial_conv_high.conv.weight - torch.Size([256, 256, 3, 3]): 
The value is the same before and after calling `init_weights` of ATSS  

neck.1.dyhead_blocks.3.spatial_conv_high.norm.weight - torch.Size([256]): 
The value is the same before and after calling `init_weights` of ATSS  

neck.1.dyhead_blocks.3.spatial_conv_high.norm.bias - torch.Size([256]): 
The value is the same before and after calling `init_weights` of ATSS  

neck.1.dyhead_blocks.3.spatial_conv_mid.conv.weight - torch.Size([256, 256, 3, 3]): 
The value is the same before and after calling `init_weights` of ATSS  

neck.1.dyhead_blocks.3.spatial_conv_mid.norm.weight - torch.Size([256]): 
The value is the same before and after calling `init_weights` of ATSS  

neck.1.dyhead_blocks.3.spatial_conv_mid.norm.bias - torch.Size([256]): 
The value is the same before and after calling `init_weights` of ATSS  

neck.1.dyhead_blocks.3.spatial_conv_low.conv.weight - torch.Size([256, 256, 3, 3]): 
The value is the same before and after calling `init_weights` of ATSS  

neck.1.dyhead_blocks.3.spatial_conv_low.norm.weight - torch.Size([256]): 
The value is the same before and after calling `init_weights` of ATSS  

neck.1.dyhead_blocks.3.spatial_conv_low.norm.bias - torch.Size([256]): 
The value is the same before and after calling `init_weights` of ATSS  

neck.1.dyhead_blocks.3.spatial_conv_offset.weight - torch.Size([27, 256, 3, 3]): 
The value is the same before and after calling `init_weights` of ATSS  

neck.1.dyhead_blocks.3.spatial_conv_offset.bias - torch.Size([27]): 
The value is the same before and after calling `init_weights` of ATSS  

neck.1.dyhead_blocks.3.scale_attn_module.1.weight - torch.Size([1, 256, 1, 1]): 
The value is the same before and after calling `init_weights` of ATSS  

neck.1.dyhead_blocks.3.scale_attn_module.1.bias - torch.Size([1]): 
The value is the same before and after calling `init_weights` of ATSS  

neck.1.dyhead_blocks.3.task_attn_module.conv1.conv.weight - torch.Size([64, 256, 1, 1]): 
The value is the same before and after calling `init_weights` of ATSS  

neck.1.dyhead_blocks.3.task_attn_module.conv1.conv.bias - torch.Size([64]): 
The value is the same before and after calling `init_weights` of ATSS  

neck.1.dyhead_blocks.3.task_attn_module.conv2.conv.weight - torch.Size([1024, 64, 1, 1]): 
The value is the same before and after calling `init_weights` of ATSS  

neck.1.dyhead_blocks.3.task_attn_module.conv2.conv.bias - torch.Size([1024]): 
The value is the same before and after calling `init_weights` of ATSS  

neck.1.dyhead_blocks.4.spatial_conv_high.conv.weight - torch.Size([256, 256, 3, 3]): 
The value is the same before and after calling `init_weights` of ATSS  

neck.1.dyhead_blocks.4.spatial_conv_high.norm.weight - torch.Size([256]): 
The value is the same before and after calling `init_weights` of ATSS  

neck.1.dyhead_blocks.4.spatial_conv_high.norm.bias - torch.Size([256]): 
The value is the same before and after calling `init_weights` of ATSS  

neck.1.dyhead_blocks.4.spatial_conv_mid.conv.weight - torch.Size([256, 256, 3, 3]): 
The value is the same before and after calling `init_weights` of ATSS  

neck.1.dyhead_blocks.4.spatial_conv_mid.norm.weight - torch.Size([256]): 
The value is the same before and after calling `init_weights` of ATSS  

neck.1.dyhead_blocks.4.spatial_conv_mid.norm.bias - torch.Size([256]): 
The value is the same before and after calling `init_weights` of ATSS  

neck.1.dyhead_blocks.4.spatial_conv_low.conv.weight - torch.Size([256, 256, 3, 3]): 
The value is the same before and after calling `init_weights` of ATSS  

neck.1.dyhead_blocks.4.spatial_conv_low.norm.weight - torch.Size([256]): 
The value is the same before and after calling `init_weights` of ATSS  

neck.1.dyhead_blocks.4.spatial_conv_low.norm.bias - torch.Size([256]): 
The value is the same before and after calling `init_weights` of ATSS  

neck.1.dyhead_blocks.4.spatial_conv_offset.weight - torch.Size([27, 256, 3, 3]): 
The value is the same before and after calling `init_weights` of ATSS  

neck.1.dyhead_blocks.4.spatial_conv_offset.bias - torch.Size([27]): 
The value is the same before and after calling `init_weights` of ATSS  

neck.1.dyhead_blocks.4.scale_attn_module.1.weight - torch.Size([1, 256, 1, 1]): 
The value is the same before and after calling `init_weights` of ATSS  

neck.1.dyhead_blocks.4.scale_attn_module.1.bias - torch.Size([1]): 
The value is the same before and after calling `init_weights` of ATSS  

neck.1.dyhead_blocks.4.task_attn_module.conv1.conv.weight - torch.Size([64, 256, 1, 1]): 
The value is the same before and after calling `init_weights` of ATSS  

neck.1.dyhead_blocks.4.task_attn_module.conv1.conv.bias - torch.Size([64]): 
The value is the same before and after calling `init_weights` of ATSS  

neck.1.dyhead_blocks.4.task_attn_module.conv2.conv.weight - torch.Size([1024, 64, 1, 1]): 
The value is the same before and after calling `init_weights` of ATSS  

neck.1.dyhead_blocks.4.task_attn_module.conv2.conv.bias - torch.Size([1024]): 
The value is the same before and after calling `init_weights` of ATSS  

neck.1.dyhead_blocks.5.spatial_conv_high.conv.weight - torch.Size([256, 256, 3, 3]): 
The value is the same before and after calling `init_weights` of ATSS  

neck.1.dyhead_blocks.5.spatial_conv_high.norm.weight - torch.Size([256]): 
The value is the same before and after calling `init_weights` of ATSS  

neck.1.dyhead_blocks.5.spatial_conv_high.norm.bias - torch.Size([256]): 
The value is the same before and after calling `init_weights` of ATSS  

neck.1.dyhead_blocks.5.spatial_conv_mid.conv.weight - torch.Size([256, 256, 3, 3]): 
The value is the same before and after calling `init_weights` of ATSS  

neck.1.dyhead_blocks.5.spatial_conv_mid.norm.weight - torch.Size([256]): 
The value is the same before and after calling `init_weights` of ATSS  

neck.1.dyhead_blocks.5.spatial_conv_mid.norm.bias - torch.Size([256]): 
The value is the same before and after calling `init_weights` of ATSS  

neck.1.dyhead_blocks.5.spatial_conv_low.conv.weight - torch.Size([256, 256, 3, 3]): 
The value is the same before and after calling `init_weights` of ATSS  

neck.1.dyhead_blocks.5.spatial_conv_low.norm.weight - torch.Size([256]): 
The value is the same before and after calling `init_weights` of ATSS  

neck.1.dyhead_blocks.5.spatial_conv_low.norm.bias - torch.Size([256]): 
The value is the same before and after calling `init_weights` of ATSS  

neck.1.dyhead_blocks.5.spatial_conv_offset.weight - torch.Size([27, 256, 3, 3]): 
The value is the same before and after calling `init_weights` of ATSS  

neck.1.dyhead_blocks.5.spatial_conv_offset.bias - torch.Size([27]): 
The value is the same before and after calling `init_weights` of ATSS  

neck.1.dyhead_blocks.5.scale_attn_module.1.weight - torch.Size([1, 256, 1, 1]): 
The value is the same before and after calling `init_weights` of ATSS  

neck.1.dyhead_blocks.5.scale_attn_module.1.bias - torch.Size([1]): 
The value is the same before and after calling `init_weights` of ATSS  

neck.1.dyhead_blocks.5.task_attn_module.conv1.conv.weight - torch.Size([64, 256, 1, 1]): 
The value is the same before and after calling `init_weights` of ATSS  

neck.1.dyhead_blocks.5.task_attn_module.conv1.conv.bias - torch.Size([64]): 
The value is the same before and after calling `init_weights` of ATSS  

neck.1.dyhead_blocks.5.task_attn_module.conv2.conv.weight - torch.Size([1024, 64, 1, 1]): 
The value is the same before and after calling `init_weights` of ATSS  

neck.1.dyhead_blocks.5.task_attn_module.conv2.conv.bias - torch.Size([1024]): 
The value is the same before and after calling `init_weights` of ATSS  

bbox_head.atss_cls.weight - torch.Size([10, 256, 1, 1]): 
NormalInit: mean=0, std=0.01, bias=-4.59511985013459 

bbox_head.atss_cls.bias - torch.Size([10]): 
NormalInit: mean=0, std=0.01, bias=-4.59511985013459 

bbox_head.atss_reg.weight - torch.Size([4, 256, 1, 1]): 
NormalInit: mean=0, std=0.01, bias=0 

bbox_head.atss_reg.bias - torch.Size([4]): 
NormalInit: mean=0, std=0.01, bias=0 

bbox_head.atss_centerness.weight - torch.Size([1, 256, 1, 1]): 
NormalInit: mean=0, std=0.01, bias=0 

bbox_head.atss_centerness.bias - torch.Size([1]): 
NormalInit: mean=0, std=0.01, bias=0 

bbox_head.scales.0.scale - torch.Size([]): 
The value is the same before and after calling `init_weights` of ATSS  

bbox_head.scales.1.scale - torch.Size([]): 
The value is the same before and after calling `init_weights` of ATSS  

bbox_head.scales.2.scale - torch.Size([]): 
The value is the same before and after calling `init_weights` of ATSS  

bbox_head.scales.3.scale - torch.Size([]): 
The value is the same before and after calling `init_weights` of ATSS  

bbox_head.scales.4.scale - torch.Size([]): 
The value is the same before and after calling `init_weights` of ATSS  
2022-04-05 12:51:01,606 - mmdet - INFO - Start running, host: root@71b0d7392d91, work_dir: /opt/ml/detection/baseline/mmdetection/work_dirs/dynamic/5
2022-04-05 12:51:01,607 - mmdet - INFO - Hooks will be executed in the following order:
before_run:
(VERY_HIGH   ) StepLrUpdaterHook                  
(NORMAL      ) CheckpointHook                     
(LOW         ) EvalHook                           
(VERY_LOW    ) TextLoggerHook                     
(VERY_LOW    ) WandbLoggerHook                    
 -------------------- 
before_train_epoch:
(VERY_HIGH   ) StepLrUpdaterHook                  
(NORMAL      ) NumClassCheckHook                  
(LOW         ) IterTimerHook                      
(LOW         ) EvalHook                           
(VERY_LOW    ) TextLoggerHook                     
(VERY_LOW    ) WandbLoggerHook                    
 -------------------- 
before_train_iter:
(VERY_HIGH   ) StepLrUpdaterHook                  
(LOW         ) IterTimerHook                      
(LOW         ) EvalHook                           
 -------------------- 
after_train_iter:
(ABOVE_NORMAL) OptimizerHook                      
(NORMAL      ) CheckpointHook                     
(LOW         ) IterTimerHook                      
(LOW         ) EvalHook                           
(VERY_LOW    ) TextLoggerHook                     
(VERY_LOW    ) WandbLoggerHook                    
 -------------------- 
after_train_epoch:
(NORMAL      ) CheckpointHook                     
(LOW         ) EvalHook                           
(VERY_LOW    ) TextLoggerHook                     
(VERY_LOW    ) WandbLoggerHook                    
 -------------------- 
before_val_epoch:
(NORMAL      ) NumClassCheckHook                  
(LOW         ) IterTimerHook                      
(VERY_LOW    ) TextLoggerHook                     
(VERY_LOW    ) WandbLoggerHook                    
 -------------------- 
before_val_iter:
(LOW         ) IterTimerHook                      
 -------------------- 
after_val_iter:
(LOW         ) IterTimerHook                      
 -------------------- 
after_val_epoch:
(VERY_LOW    ) TextLoggerHook                     
(VERY_LOW    ) WandbLoggerHook                    
 -------------------- 
after_run:
(VERY_LOW    ) TextLoggerHook                     
(VERY_LOW    ) WandbLoggerHook                    
 -------------------- 
2022-04-05 12:51:01,608 - mmdet - INFO - workflow: [('train', 1), ('val', 1)], max: 36 epochs
2022-04-05 12:51:01,608 - mmdet - INFO - Checkpoints will be saved to /opt/ml/detection/baseline/mmdetection/work_dirs/dynamic/5 by HardDiskBackend.
