2022-04-04 00:39:40,576 - mmdet.ssod - INFO - [<StreamHandler <stderr> (INFO)>, <FileHandler /opt/ml/detection/baseline/SoftTeacher/work_dirs/soft_teacher_faster_rcnn_r50_caffe_fpn_coco_full_720k/20220404_003940.log (INFO)>]
2022-04-04 00:39:40,577 - mmdet.ssod - INFO - Environment info:
------------------------------------------------------------
sys.platform: linux
Python: 3.7.11 (default, Jul 27 2021, 14:32:16) [GCC 7.5.0]
CUDA available: True
GPU 0: Tesla V100-PCIE-32GB
CUDA_HOME: None
GCC: gcc (Ubuntu 7.5.0-3ubuntu1~18.04) 7.5.0
PyTorch: 1.7.1
PyTorch compiling details: PyTorch built with:
  - GCC 7.3
  - C++ Version: 201402
  - Intel(R) oneAPI Math Kernel Library Version 2021.4-Product Build 20210904 for Intel(R) 64 architecture applications
  - Intel(R) MKL-DNN v1.6.0 (Git Hash 5ef631a030a6f73131c77892041042805a06064f)
  - OpenMP 201511 (a.k.a. OpenMP 4.5)
  - NNPACK is enabled
  - CPU capability usage: AVX2
  - CUDA Runtime 11.0
  - NVCC architecture flags: -gencode;arch=compute_37,code=sm_37;-gencode;arch=compute_50,code=sm_50;-gencode;arch=compute_60,code=sm_60;-gencode;arch=compute_61,code=sm_61;-gencode;arch=compute_70,code=sm_70;-gencode;arch=compute_75,code=sm_75;-gencode;arch=compute_80,code=sm_80;-gencode;arch=compute_37,code=compute_37
  - CuDNN 8.0.5
  - Magma 2.5.2
  - Build settings: BLAS=MKL, BUILD_TYPE=Release, CXX_FLAGS= -Wno-deprecated -fvisibility-inlines-hidden -DUSE_PTHREADPOOL -fopenmp -DNDEBUG -DUSE_FBGEMM -DUSE_QNNPACK -DUSE_PYTORCH_QNNPACK -DUSE_XNNPACK -DUSE_VULKAN_WRAPPER -O2 -fPIC -Wno-narrowing -Wall -Wextra -Werror=return-type -Wno-missing-field-initializers -Wno-type-limits -Wno-array-bounds -Wno-unknown-pragmas -Wno-sign-compare -Wno-unused-parameter -Wno-unused-variable -Wno-unused-function -Wno-unused-result -Wno-unused-local-typedefs -Wno-strict-overflow -Wno-strict-aliasing -Wno-error=deprecated-declarations -Wno-stringop-overflow -Wno-psabi -Wno-error=pedantic -Wno-error=redundant-decls -Wno-error=old-style-cast -fdiagnostics-color=always -faligned-new -Wno-unused-but-set-variable -Wno-maybe-uninitialized -fno-math-errno -fno-trapping-math -Werror=format -Wno-stringop-overflow, PERF_WITH_AVX=1, PERF_WITH_AVX2=1, PERF_WITH_AVX512=1, USE_CUDA=ON, USE_EXCEPTION_PTR=1, USE_GFLAGS=OFF, USE_GLOG=OFF, USE_MKL=ON, USE_MKLDNN=ON, USE_MPI=OFF, USE_NCCL=ON, USE_NNPACK=ON, USE_OPENMP=ON, 

TorchVision: 0.8.2
OpenCV: 4.5.5
MMCV: 1.3.9
MMCV Compiler: GCC 7.3
MMCV CUDA Compiler: 11.0
MMDetection: 2.16.0+bef9a25
------------------------------------------------------------

2022-04-04 00:39:43,872 - mmdet.ssod - INFO - Distributed training: True
2022-04-04 00:39:47,100 - mmdet.ssod - INFO - Config:
model = dict(
    type='SoftTeacher',
    model=dict(
        type='FasterRCNN',
        backbone=dict(
            type='ResNet',
            depth=50,
            num_stages=4,
            out_indices=(0, 1, 2, 3),
            frozen_stages=1,
            norm_cfg=dict(type='BN', requires_grad=False),
            norm_eval=True,
            style='caffe',
            init_cfg=dict(
                type='Pretrained',
                checkpoint='open-mmlab://detectron2/resnet50_caffe')),
        neck=dict(
            type='FPN',
            in_channels=[256, 512, 1024, 2048],
            out_channels=256,
            num_outs=5),
        rpn_head=dict(
            type='RPNHead',
            in_channels=256,
            feat_channels=256,
            anchor_generator=dict(
                type='AnchorGenerator',
                scales=[8],
                ratios=[0.5, 1.0, 2.0],
                strides=[4, 8, 16, 32, 64]),
            bbox_coder=dict(
                type='DeltaXYWHBBoxCoder',
                target_means=[0.0, 0.0, 0.0, 0.0],
                target_stds=[1.0, 1.0, 1.0, 1.0]),
            loss_cls=dict(
                type='CrossEntropyLoss', use_sigmoid=True, loss_weight=1.0),
            loss_bbox=dict(type='L1Loss', loss_weight=1.0)),
        roi_head=dict(
            type='StandardRoIHead',
            bbox_roi_extractor=dict(
                type='SingleRoIExtractor',
                roi_layer=dict(
                    type='RoIAlign', output_size=7, sampling_ratio=0),
                out_channels=256,
                featmap_strides=[4, 8, 16, 32]),
            bbox_head=dict(
                type='Shared2FCBBoxHead',
                in_channels=256,
                fc_out_channels=1024,
                roi_feat_size=7,
                num_classes=80,
                bbox_coder=dict(
                    type='DeltaXYWHBBoxCoder',
                    target_means=[0.0, 0.0, 0.0, 0.0],
                    target_stds=[0.1, 0.1, 0.2, 0.2]),
                reg_class_agnostic=False,
                loss_cls=dict(
                    type='CrossEntropyLoss',
                    use_sigmoid=False,
                    loss_weight=1.0),
                loss_bbox=dict(type='L1Loss', loss_weight=1.0))),
        train_cfg=dict(
            rpn=dict(
                assigner=dict(
                    type='MaxIoUAssigner',
                    pos_iou_thr=0.7,
                    neg_iou_thr=0.3,
                    min_pos_iou=0.3,
                    match_low_quality=True,
                    ignore_iof_thr=-1),
                sampler=dict(
                    type='RandomSampler',
                    num=256,
                    pos_fraction=0.5,
                    neg_pos_ub=-1,
                    add_gt_as_proposals=False),
                allowed_border=-1,
                pos_weight=-1,
                debug=False),
            rpn_proposal=dict(
                nms_pre=2000,
                max_per_img=1000,
                nms=dict(type='nms', iou_threshold=0.7),
                min_bbox_size=0),
            rcnn=dict(
                assigner=dict(
                    type='MaxIoUAssigner',
                    pos_iou_thr=0.5,
                    neg_iou_thr=0.5,
                    min_pos_iou=0.5,
                    match_low_quality=False,
                    ignore_iof_thr=-1),
                sampler=dict(
                    type='RandomSampler',
                    num=512,
                    pos_fraction=0.25,
                    neg_pos_ub=-1,
                    add_gt_as_proposals=True),
                pos_weight=-1,
                debug=False)),
        test_cfg=dict(
            rpn=dict(
                nms_pre=1000,
                max_per_img=1000,
                nms=dict(type='nms', iou_threshold=0.7),
                min_bbox_size=0),
            rcnn=dict(
                score_thr=0.05,
                nms=dict(type='nms', iou_threshold=0.5),
                max_per_img=100))),
    train_cfg=dict(
        use_teacher_proposal=False,
        pseudo_label_initial_score_thr=0.5,
        rpn_pseudo_threshold=0.9,
        cls_pseudo_threshold=0.9,
        reg_pseudo_threshold=0.02,
        jitter_times=10,
        jitter_scale=0.06,
        min_pseduo_box_size=0,
        unsup_weight=2.0),
    test_cfg=dict(inference_on='student'))
dataset_type = 'CocoDataset'
data_root = '/opt/ml/detection/dataset/'
img_norm_cfg = dict(
    mean=[103.53, 116.28, 123.675], std=[1.0, 1.0, 1.0], to_rgb=False)
train_pipeline = [
    dict(type='LoadImageFromFile'),
    dict(type='LoadAnnotations', with_bbox=True),
    dict(
        type='Sequential',
        transforms=[
            dict(
                type='RandResize',
                img_scale=[(1333, 400), (1333, 1200)],
                multiscale_mode='range',
                keep_ratio=True),
            dict(type='RandFlip', flip_ratio=0.5),
            dict(
                type='OneOf',
                transforms=[
                    dict(type='Identity'),
                    dict(type='AutoContrast'),
                    dict(type='RandEqualize'),
                    dict(type='RandSolarize'),
                    dict(type='RandColor'),
                    dict(type='RandContrast'),
                    dict(type='RandBrightness'),
                    dict(type='RandSharpness'),
                    dict(type='RandPosterize')
                ])
        ],
        record=True),
    dict(type='Pad', size_divisor=32),
    dict(
        type='Normalize',
        mean=[103.53, 116.28, 123.675],
        std=[1.0, 1.0, 1.0],
        to_rgb=False),
    dict(type='ExtraAttrs', tag='sup'),
    dict(type='DefaultFormatBundle'),
    dict(
        type='Collect',
        keys=['img', 'gt_bboxes', 'gt_labels'],
        meta_keys=('filename', 'ori_shape', 'img_shape', 'img_norm_cfg',
                   'pad_shape', 'scale_factor', 'tag'))
]
test_pipeline = [
    dict(type='LoadImageFromFile'),
    dict(
        type='MultiScaleFlipAug',
        img_scale=(1333, 800),
        flip=False,
        transforms=[
            dict(type='Resize', keep_ratio=True),
            dict(type='RandomFlip'),
            dict(
                type='Normalize',
                mean=[103.53, 116.28, 123.675],
                std=[1.0, 1.0, 1.0],
                to_rgb=False),
            dict(type='Pad', size_divisor=32),
            dict(type='ImageToTensor', keys=['img']),
            dict(type='Collect', keys=['img'])
        ])
]
data = dict(
    samples_per_gpu=8,
    workers_per_gpu=8,
    train=dict(
        type='SemiDataset',
        sup=dict(
            type='CocoDataset',
            ann_file='data/coco/annotations/instances_train2017.json',
            img_prefix='data/coco/train2017/',
            pipeline=[
                dict(type='LoadImageFromFile'),
                dict(type='LoadAnnotations', with_bbox=True),
                dict(
                    type='Sequential',
                    transforms=[
                        dict(
                            type='RandResize',
                            img_scale=[(1333, 400), (1333, 1200)],
                            multiscale_mode='range',
                            keep_ratio=True),
                        dict(type='RandFlip', flip_ratio=0.5),
                        dict(
                            type='OneOf',
                            transforms=[
                                dict(type='Identity'),
                                dict(type='AutoContrast'),
                                dict(type='RandEqualize'),
                                dict(type='RandSolarize'),
                                dict(type='RandColor'),
                                dict(type='RandContrast'),
                                dict(type='RandBrightness'),
                                dict(type='RandSharpness'),
                                dict(type='RandPosterize')
                            ])
                    ],
                    record=True),
                dict(type='Pad', size_divisor=32),
                dict(
                    type='Normalize',
                    mean=[103.53, 116.28, 123.675],
                    std=[1.0, 1.0, 1.0],
                    to_rgb=False),
                dict(type='ExtraAttrs', tag='sup'),
                dict(type='DefaultFormatBundle'),
                dict(
                    type='Collect',
                    keys=['img', 'gt_bboxes', 'gt_labels'],
                    meta_keys=('filename', 'ori_shape', 'img_shape',
                               'img_norm_cfg', 'pad_shape', 'scale_factor',
                               'tag'))
            ]),
        unsup=dict(
            type='CocoDataset',
            ann_file='data/coco/annotations/instances_unlabeled2017.json',
            img_prefix='data/coco/unlabeled2017/',
            pipeline=[
                dict(type='LoadImageFromFile'),
                dict(type='PseudoSamples', with_bbox=True),
                dict(
                    type='MultiBranch',
                    unsup_student=[
                        dict(
                            type='Sequential',
                            transforms=[
                                dict(
                                    type='RandResize',
                                    img_scale=[(1333, 400), (1333, 1200)],
                                    multiscale_mode='range',
                                    keep_ratio=True),
                                dict(type='RandFlip', flip_ratio=0.5),
                                dict(
                                    type='ShuffledSequential',
                                    transforms=[
                                        dict(
                                            type='OneOf',
                                            transforms=[
                                                dict(type='Identity'),
                                                dict(type='AutoContrast'),
                                                dict(type='RandEqualize'),
                                                dict(type='RandSolarize'),
                                                dict(type='RandColor'),
                                                dict(type='RandContrast'),
                                                dict(type='RandBrightness'),
                                                dict(type='RandSharpness'),
                                                dict(type='RandPosterize')
                                            ]),
                                        dict(
                                            type='OneOf',
                                            transforms=[{
                                                'type': 'RandTranslate',
                                                'x': (-0.1, 0.1)
                                            }, {
                                                'type': 'RandTranslate',
                                                'y': (-0.1, 0.1)
                                            }, {
                                                'type': 'RandRotate',
                                                'angle': (-30, 30)
                                            },
                                                        [{
                                                            'type':
                                                            'RandShear',
                                                            'x': (-30, 30)
                                                        }, {
                                                            'type':
                                                            'RandShear',
                                                            'y': (-30, 30)
                                                        }]])
                                    ]),
                                dict(
                                    type='RandErase',
                                    n_iterations=(1, 5),
                                    size=[0, 0.2],
                                    squared=True)
                            ],
                            record=True),
                        dict(type='Pad', size_divisor=32),
                        dict(
                            type='Normalize',
                            mean=[103.53, 116.28, 123.675],
                            std=[1.0, 1.0, 1.0],
                            to_rgb=False),
                        dict(type='ExtraAttrs', tag='unsup_student'),
                        dict(type='DefaultFormatBundle'),
                        dict(
                            type='Collect',
                            keys=['img', 'gt_bboxes', 'gt_labels'],
                            meta_keys=('filename', 'ori_shape', 'img_shape',
                                       'img_norm_cfg', 'pad_shape',
                                       'scale_factor', 'tag',
                                       'transform_matrix'))
                    ],
                    unsup_teacher=[
                        dict(
                            type='Sequential',
                            transforms=[
                                dict(
                                    type='RandResize',
                                    img_scale=[(1333, 400), (1333, 1200)],
                                    multiscale_mode='range',
                                    keep_ratio=True),
                                dict(type='RandFlip', flip_ratio=0.5)
                            ],
                            record=True),
                        dict(type='Pad', size_divisor=32),
                        dict(
                            type='Normalize',
                            mean=[103.53, 116.28, 123.675],
                            std=[1.0, 1.0, 1.0],
                            to_rgb=False),
                        dict(type='ExtraAttrs', tag='unsup_teacher'),
                        dict(type='DefaultFormatBundle'),
                        dict(
                            type='Collect',
                            keys=['img', 'gt_bboxes', 'gt_labels'],
                            meta_keys=('filename', 'ori_shape', 'img_shape',
                                       'img_norm_cfg', 'pad_shape',
                                       'scale_factor', 'tag',
                                       'transform_matrix'))
                    ])
            ],
            filter_empty_gt=False)),
    val=dict(
        type='CocoDataset',
        ann_file='/opt/ml/detection/dataset/cv_val_1.json',
        img_prefix='/opt/ml/detection/dataset/',
        pipeline=[
            dict(type='LoadImageFromFile'),
            dict(
                type='MultiScaleFlipAug',
                img_scale=(1333, 800),
                flip=False,
                transforms=[
                    dict(type='Resize', keep_ratio=True),
                    dict(type='RandomFlip'),
                    dict(
                        type='Normalize',
                        mean=[103.53, 116.28, 123.675],
                        std=[1.0, 1.0, 1.0],
                        to_rgb=False),
                    dict(type='Pad', size_divisor=32),
                    dict(type='ImageToTensor', keys=['img']),
                    dict(type='Collect', keys=['img'])
                ])
        ]),
    test=dict(
        type='CocoDataset',
        ann_file='/opt/ml/detection/dataset/test.json',
        img_prefix='/opt/ml/detection/dataset/',
        pipeline=[
            dict(type='LoadImageFromFile'),
            dict(
                type='MultiScaleFlipAug',
                img_scale=(1333, 800),
                flip=False,
                transforms=[
                    dict(type='Resize', keep_ratio=True),
                    dict(type='RandomFlip'),
                    dict(
                        type='Normalize',
                        mean=[103.53, 116.28, 123.675],
                        std=[1.0, 1.0, 1.0],
                        to_rgb=False),
                    dict(type='Pad', size_divisor=32),
                    dict(type='ImageToTensor', keys=['img']),
                    dict(type='Collect', keys=['img'])
                ])
        ]),
    sampler=dict(
        train=dict(
            type='SemiBalanceSampler',
            sample_ratio=[1, 1],
            by_prob=True,
            epoch_length=7330)))
evaluation = dict(interval=4000, metric='bbox', type='SubModulesDistEvalHook')
optimizer = dict(type='SGD', lr=0.01, momentum=0.9, weight_decay=0.0001)
optimizer_config = dict(grad_clip=None)
lr_config = dict(
    policy='step',
    warmup='linear',
    warmup_iters=500,
    warmup_ratio=0.001,
    step=[480000, 640000])
runner = dict(type='IterBasedRunner', max_iters=720000)
checkpoint_config = dict(interval=4000, by_epoch=False, max_keep_ckpts=20)
custom_hooks = [
    dict(type='NumClassCheckHook'),
    dict(type='WeightSummary'),
    dict(type='MeanTeacher', momentum=0.999, interval=1, warm_up=0)
]
dist_params = dict(backend='nccl')
log_level = 'INFO'
load_from = None
resume_from = None
workflow = [('train', 1)]
log_config = dict(
    interval=50,
    hooks=[
        dict(type='TextLoggerHook', by_epoch=False),
        dict(
            type='WandbLoggerHook',
            init_kwargs=dict(
                project='pre_release',
                name='soft_teacher_faster_rcnn_r50_caffe_fpn_coco_full_720k',
                config=dict(
                    work_dirs=
                    './work_dirs/soft_teacher_faster_rcnn_r50_caffe_fpn_coco_full_720k',
                    total_step=720000)),
            by_epoch=False)
    ])
mmdet_base = '../../thirdparty/mmdetection/configs/_base_'
strong_pipeline = [
    dict(
        type='Sequential',
        transforms=[
            dict(
                type='RandResize',
                img_scale=[(1333, 400), (1333, 1200)],
                multiscale_mode='range',
                keep_ratio=True),
            dict(type='RandFlip', flip_ratio=0.5),
            dict(
                type='ShuffledSequential',
                transforms=[
                    dict(
                        type='OneOf',
                        transforms=[
                            dict(type='Identity'),
                            dict(type='AutoContrast'),
                            dict(type='RandEqualize'),
                            dict(type='RandSolarize'),
                            dict(type='RandColor'),
                            dict(type='RandContrast'),
                            dict(type='RandBrightness'),
                            dict(type='RandSharpness'),
                            dict(type='RandPosterize')
                        ]),
                    dict(
                        type='OneOf',
                        transforms=[{
                            'type': 'RandTranslate',
                            'x': (-0.1, 0.1)
                        }, {
                            'type': 'RandTranslate',
                            'y': (-0.1, 0.1)
                        }, {
                            'type': 'RandRotate',
                            'angle': (-30, 30)
                        },
                                    [{
                                        'type': 'RandShear',
                                        'x': (-30, 30)
                                    }, {
                                        'type': 'RandShear',
                                        'y': (-30, 30)
                                    }]])
                ]),
            dict(
                type='RandErase',
                n_iterations=(1, 5),
                size=[0, 0.2],
                squared=True)
        ],
        record=True),
    dict(type='Pad', size_divisor=32),
    dict(
        type='Normalize',
        mean=[103.53, 116.28, 123.675],
        std=[1.0, 1.0, 1.0],
        to_rgb=False),
    dict(type='ExtraAttrs', tag='unsup_student'),
    dict(type='DefaultFormatBundle'),
    dict(
        type='Collect',
        keys=['img', 'gt_bboxes', 'gt_labels'],
        meta_keys=('filename', 'ori_shape', 'img_shape', 'img_norm_cfg',
                   'pad_shape', 'scale_factor', 'tag', 'transform_matrix'))
]
weak_pipeline = [
    dict(
        type='Sequential',
        transforms=[
            dict(
                type='RandResize',
                img_scale=[(1333, 400), (1333, 1200)],
                multiscale_mode='range',
                keep_ratio=True),
            dict(type='RandFlip', flip_ratio=0.5)
        ],
        record=True),
    dict(type='Pad', size_divisor=32),
    dict(
        type='Normalize',
        mean=[103.53, 116.28, 123.675],
        std=[1.0, 1.0, 1.0],
        to_rgb=False),
    dict(type='ExtraAttrs', tag='unsup_teacher'),
    dict(type='DefaultFormatBundle'),
    dict(
        type='Collect',
        keys=['img', 'gt_bboxes', 'gt_labels'],
        meta_keys=('filename', 'ori_shape', 'img_shape', 'img_norm_cfg',
                   'pad_shape', 'scale_factor', 'tag', 'transform_matrix'))
]
unsup_pipeline = [
    dict(type='LoadImageFromFile'),
    dict(type='PseudoSamples', with_bbox=True),
    dict(
        type='MultiBranch',
        unsup_student=[
            dict(
                type='Sequential',
                transforms=[
                    dict(
                        type='RandResize',
                        img_scale=[(1333, 400), (1333, 1200)],
                        multiscale_mode='range',
                        keep_ratio=True),
                    dict(type='RandFlip', flip_ratio=0.5),
                    dict(
                        type='ShuffledSequential',
                        transforms=[
                            dict(
                                type='OneOf',
                                transforms=[
                                    dict(type='Identity'),
                                    dict(type='AutoContrast'),
                                    dict(type='RandEqualize'),
                                    dict(type='RandSolarize'),
                                    dict(type='RandColor'),
                                    dict(type='RandContrast'),
                                    dict(type='RandBrightness'),
                                    dict(type='RandSharpness'),
                                    dict(type='RandPosterize')
                                ]),
                            dict(
                                type='OneOf',
                                transforms=[{
                                    'type': 'RandTranslate',
                                    'x': (-0.1, 0.1)
                                }, {
                                    'type': 'RandTranslate',
                                    'y': (-0.1, 0.1)
                                }, {
                                    'type': 'RandRotate',
                                    'angle': (-30, 30)
                                },
                                            [{
                                                'type': 'RandShear',
                                                'x': (-30, 30)
                                            }, {
                                                'type': 'RandShear',
                                                'y': (-30, 30)
                                            }]])
                        ]),
                    dict(
                        type='RandErase',
                        n_iterations=(1, 5),
                        size=[0, 0.2],
                        squared=True)
                ],
                record=True),
            dict(type='Pad', size_divisor=32),
            dict(
                type='Normalize',
                mean=[103.53, 116.28, 123.675],
                std=[1.0, 1.0, 1.0],
                to_rgb=False),
            dict(type='ExtraAttrs', tag='unsup_student'),
            dict(type='DefaultFormatBundle'),
            dict(
                type='Collect',
                keys=['img', 'gt_bboxes', 'gt_labels'],
                meta_keys=('filename', 'ori_shape', 'img_shape',
                           'img_norm_cfg', 'pad_shape', 'scale_factor', 'tag',
                           'transform_matrix'))
        ],
        unsup_teacher=[
            dict(
                type='Sequential',
                transforms=[
                    dict(
                        type='RandResize',
                        img_scale=[(1333, 400), (1333, 1200)],
                        multiscale_mode='range',
                        keep_ratio=True),
                    dict(type='RandFlip', flip_ratio=0.5)
                ],
                record=True),
            dict(type='Pad', size_divisor=32),
            dict(
                type='Normalize',
                mean=[103.53, 116.28, 123.675],
                std=[1.0, 1.0, 1.0],
                to_rgb=False),
            dict(type='ExtraAttrs', tag='unsup_teacher'),
            dict(type='DefaultFormatBundle'),
            dict(
                type='Collect',
                keys=['img', 'gt_bboxes', 'gt_labels'],
                meta_keys=('filename', 'ori_shape', 'img_shape',
                           'img_norm_cfg', 'pad_shape', 'scale_factor', 'tag',
                           'transform_matrix'))
        ])
]
fp16 = dict(loss_scale='dynamic')
work_dir = './work_dirs/soft_teacher_faster_rcnn_r50_caffe_fpn_coco_full_720k'
cfg_name = 'soft_teacher_faster_rcnn_r50_caffe_fpn_coco_full_720k'
gpu_ids = range(0, 1)

